[0.047s] DEBUG:colcon:Command line arguments: ['/usr/bin/colcon', 'build']
[0.047s] DEBUG:colcon:Parsed command line arguments: Namespace(log_base=None, log_level=None, verb_name='build', build_base='build', install_base='install', merge_install=False, symlink_install=False, test_result_base=None, continue_on_error=False, executor='parallel', parallel_workers=24, event_handlers=None, ignore_user_meta=False, metas=['./colcon.meta'], base_paths=['.'], packages_ignore=None, packages_ignore_regex=None, paths=None, packages_up_to=None, packages_up_to_regex=None, packages_above=None, packages_above_and_dependencies=None, packages_above_depth=None, packages_select_by_dep=None, packages_skip_by_dep=None, packages_skip_up_to=None, packages_select_build_failed=False, packages_skip_build_finished=False, packages_select_test_failures=False, packages_skip_test_passed=False, packages_select=None, packages_skip=None, packages_select_regex=None, packages_skip_regex=None, packages_start=None, packages_end=None, cmake_args=None, cmake_target=None, cmake_target_skip_unavailable=False, cmake_clean_cache=False, cmake_clean_first=False, cmake_force_configure=False, ament_cmake_args=None, catkin_cmake_args=None, catkin_skip_building_tests=False, verb_parser=<colcon_defaults.argument_parser.defaults.DefaultArgumentsDecorator object at 0x769b86def590>, verb_extension=<colcon_core.verb.build.BuildVerb object at 0x769b86def320>, main=<bound method BuildVerb.main of <colcon_core.verb.build.BuildVerb object at 0x769b86def320>>)
[0.066s] Level 1:colcon.colcon_core.package_discovery:discover_packages(colcon_meta) check parameters
[0.066s] Level 1:colcon.colcon_core.package_discovery:discover_packages(recursive) check parameters
[0.066s] Level 1:colcon.colcon_core.package_discovery:discover_packages(ignore) check parameters
[0.066s] Level 1:colcon.colcon_core.package_discovery:discover_packages(path) check parameters
[0.066s] Level 1:colcon.colcon_core.package_discovery:discover_packages(colcon_meta) discover
[0.066s] Level 1:colcon.colcon_core.package_discovery:discover_packages(recursive) discover
[0.066s] INFO:colcon.colcon_core.package_discovery:Crawling recursively for packages in '/home/samirnoori/ros2_ws'
[0.066s] Level 1:colcon.colcon_core.package_identification:_identify(.) by extensions ['ignore', 'ignore_ament_install']
[0.066s] Level 1:colcon.colcon_core.package_identification:_identify(.) by extension 'ignore'
[0.066s] Level 1:colcon.colcon_core.package_identification:_identify(.) by extension 'ignore_ament_install'
[0.066s] Level 1:colcon.colcon_core.package_identification:_identify(.) by extensions ['colcon_pkg']
[0.066s] Level 1:colcon.colcon_core.package_identification:_identify(.) by extension 'colcon_pkg'
[0.066s] Level 1:colcon.colcon_core.package_identification:_identify(.) by extensions ['colcon_meta']
[0.066s] Level 1:colcon.colcon_core.package_identification:_identify(.) by extension 'colcon_meta'
[0.066s] Level 1:colcon.colcon_core.package_identification:_identify(.) by extensions ['ros']
[0.066s] Level 1:colcon.colcon_core.package_identification:_identify(.) by extension 'ros'
[0.079s] Level 1:colcon.colcon_core.package_identification:_identify(.) by extensions ['cmake', 'python']
[0.079s] Level 1:colcon.colcon_core.package_identification:_identify(.) by extension 'cmake'
[0.079s] Level 1:colcon.colcon_core.package_identification:_identify(.) by extension 'python'
[0.079s] Level 1:colcon.colcon_core.package_identification:_identify(.) by extensions ['python_setup_py']
[0.079s] Level 1:colcon.colcon_core.package_identification:_identify(.) by extension 'python_setup_py'
[0.079s] Level 1:colcon.colcon_core.package_identification:_identify(build) by extensions ['ignore', 'ignore_ament_install']
[0.079s] Level 1:colcon.colcon_core.package_identification:_identify(build) by extension 'ignore'
[0.079s] Level 1:colcon.colcon_core.package_identification:_identify(build) ignored
[0.079s] Level 1:colcon.colcon_core.package_identification:_identify(install) by extensions ['ignore', 'ignore_ament_install']
[0.079s] Level 1:colcon.colcon_core.package_identification:_identify(install) by extension 'ignore'
[0.079s] Level 1:colcon.colcon_core.package_identification:_identify(install) ignored
[0.079s] Level 1:colcon.colcon_core.package_identification:_identify(labbar) by extensions ['ignore', 'ignore_ament_install']
[0.079s] Level 1:colcon.colcon_core.package_identification:_identify(labbar) by extension 'ignore'
[0.079s] Level 1:colcon.colcon_core.package_identification:_identify(labbar) by extension 'ignore_ament_install'
[0.079s] Level 1:colcon.colcon_core.package_identification:_identify(labbar) by extensions ['colcon_pkg']
[0.079s] Level 1:colcon.colcon_core.package_identification:_identify(labbar) by extension 'colcon_pkg'
[0.079s] Level 1:colcon.colcon_core.package_identification:_identify(labbar) by extensions ['colcon_meta']
[0.079s] Level 1:colcon.colcon_core.package_identification:_identify(labbar) by extension 'colcon_meta'
[0.079s] Level 1:colcon.colcon_core.package_identification:_identify(labbar) by extensions ['ros']
[0.079s] Level 1:colcon.colcon_core.package_identification:_identify(labbar) by extension 'ros'
[0.079s] Level 1:colcon.colcon_core.package_identification:_identify(labbar) by extensions ['cmake', 'python']
[0.079s] Level 1:colcon.colcon_core.package_identification:_identify(labbar) by extension 'cmake'
[0.079s] Level 1:colcon.colcon_core.package_identification:_identify(labbar) by extension 'python'
[0.079s] Level 1:colcon.colcon_core.package_identification:_identify(labbar) by extensions ['python_setup_py']
[0.079s] Level 1:colcon.colcon_core.package_identification:_identify(labbar) by extension 'python_setup_py'
[0.080s] Level 1:colcon.colcon_core.package_identification:_identify(labbar/lab1) by extensions ['ignore', 'ignore_ament_install']
[0.080s] Level 1:colcon.colcon_core.package_identification:_identify(labbar/lab1) by extension 'ignore'
[0.080s] Level 1:colcon.colcon_core.package_identification:_identify(labbar/lab1) by extension 'ignore_ament_install'
[0.080s] Level 1:colcon.colcon_core.package_identification:_identify(labbar/lab1) by extensions ['colcon_pkg']
[0.080s] Level 1:colcon.colcon_core.package_identification:_identify(labbar/lab1) by extension 'colcon_pkg'
[0.080s] Level 1:colcon.colcon_core.package_identification:_identify(labbar/lab1) by extensions ['colcon_meta']
[0.080s] Level 1:colcon.colcon_core.package_identification:_identify(labbar/lab1) by extension 'colcon_meta'
[0.080s] Level 1:colcon.colcon_core.package_identification:_identify(labbar/lab1) by extensions ['ros']
[0.080s] Level 1:colcon.colcon_core.package_identification:_identify(labbar/lab1) by extension 'ros'
[0.080s] Level 1:colcon.colcon_core.package_identification:_identify(labbar/lab1) by extensions ['cmake', 'python']
[0.080s] Level 1:colcon.colcon_core.package_identification:_identify(labbar/lab1) by extension 'cmake'
[0.080s] Level 1:colcon.colcon_core.package_identification:_identify(labbar/lab1) by extension 'python'
[0.080s] Level 1:colcon.colcon_core.package_identification:_identify(labbar/lab1) by extensions ['python_setup_py']
[0.080s] Level 1:colcon.colcon_core.package_identification:_identify(labbar/lab1) by extension 'python_setup_py'
[0.080s] Level 1:colcon.colcon_core.package_identification:_identify(labbar/lab1/docker) by extensions ['ignore', 'ignore_ament_install']
[0.080s] Level 1:colcon.colcon_core.package_identification:_identify(labbar/lab1/docker) by extension 'ignore'
[0.080s] Level 1:colcon.colcon_core.package_identification:_identify(labbar/lab1/docker) by extension 'ignore_ament_install'
[0.080s] Level 1:colcon.colcon_core.package_identification:_identify(labbar/lab1/docker) by extensions ['colcon_pkg']
[0.080s] Level 1:colcon.colcon_core.package_identification:_identify(labbar/lab1/docker) by extension 'colcon_pkg'
[0.080s] Level 1:colcon.colcon_core.package_identification:_identify(labbar/lab1/docker) by extensions ['colcon_meta']
[0.080s] Level 1:colcon.colcon_core.package_identification:_identify(labbar/lab1/docker) by extension 'colcon_meta'
[0.080s] Level 1:colcon.colcon_core.package_identification:_identify(labbar/lab1/docker) by extensions ['ros']
[0.080s] Level 1:colcon.colcon_core.package_identification:_identify(labbar/lab1/docker) by extension 'ros'
[0.080s] Level 1:colcon.colcon_core.package_identification:_identify(labbar/lab1/docker) by extensions ['cmake', 'python']
[0.080s] Level 1:colcon.colcon_core.package_identification:_identify(labbar/lab1/docker) by extension 'cmake'
[0.080s] Level 1:colcon.colcon_core.package_identification:_identify(labbar/lab1/docker) by extension 'python'
[0.080s] Level 1:colcon.colcon_core.package_identification:_identify(labbar/lab1/docker) by extensions ['python_setup_py']
[0.080s] Level 1:colcon.colcon_core.package_identification:_identify(labbar/lab1/docker) by extension 'python_setup_py'
[0.080s] Level 1:colcon.colcon_core.package_identification:_identify(labbar/lab1/src) by extensions ['ignore', 'ignore_ament_install']
[0.080s] Level 1:colcon.colcon_core.package_identification:_identify(labbar/lab1/src) by extension 'ignore'
[0.080s] Level 1:colcon.colcon_core.package_identification:_identify(labbar/lab1/src) by extension 'ignore_ament_install'
[0.080s] Level 1:colcon.colcon_core.package_identification:_identify(labbar/lab1/src) by extensions ['colcon_pkg']
[0.080s] Level 1:colcon.colcon_core.package_identification:_identify(labbar/lab1/src) by extension 'colcon_pkg'
[0.080s] Level 1:colcon.colcon_core.package_identification:_identify(labbar/lab1/src) by extensions ['colcon_meta']
[0.080s] Level 1:colcon.colcon_core.package_identification:_identify(labbar/lab1/src) by extension 'colcon_meta'
[0.080s] Level 1:colcon.colcon_core.package_identification:_identify(labbar/lab1/src) by extensions ['ros']
[0.080s] Level 1:colcon.colcon_core.package_identification:_identify(labbar/lab1/src) by extension 'ros'
[0.080s] Level 1:colcon.colcon_core.package_identification:_identify(labbar/lab1/src) by extensions ['cmake', 'python']
[0.080s] Level 1:colcon.colcon_core.package_identification:_identify(labbar/lab1/src) by extension 'cmake'
[0.080s] Level 1:colcon.colcon_core.package_identification:_identify(labbar/lab1/src) by extension 'python'
[0.080s] Level 1:colcon.colcon_core.package_identification:_identify(labbar/lab1/src) by extensions ['python_setup_py']
[0.080s] Level 1:colcon.colcon_core.package_identification:_identify(labbar/lab1/src) by extension 'python_setup_py'
[0.080s] Level 1:colcon.colcon_core.package_identification:_identify(labbar/lab1/src/demos) by extensions ['ignore', 'ignore_ament_install']
[0.080s] Level 1:colcon.colcon_core.package_identification:_identify(labbar/lab1/src/demos) by extension 'ignore'
[0.080s] Level 1:colcon.colcon_core.package_identification:_identify(labbar/lab1/src/demos) by extension 'ignore_ament_install'
[0.080s] Level 1:colcon.colcon_core.package_identification:_identify(labbar/lab1/src/demos) by extensions ['colcon_pkg']
[0.080s] Level 1:colcon.colcon_core.package_identification:_identify(labbar/lab1/src/demos) by extension 'colcon_pkg'
[0.080s] Level 1:colcon.colcon_core.package_identification:_identify(labbar/lab1/src/demos) by extensions ['colcon_meta']
[0.080s] Level 1:colcon.colcon_core.package_identification:_identify(labbar/lab1/src/demos) by extension 'colcon_meta'
[0.080s] Level 1:colcon.colcon_core.package_identification:_identify(labbar/lab1/src/demos) by extensions ['ros']
[0.081s] Level 1:colcon.colcon_core.package_identification:_identify(labbar/lab1/src/demos) by extension 'ros'
[0.082s] DEBUG:colcon.colcon_core.package_identification:Package 'labbar/lab1/src/demos' with type 'ros.ament_cmake' and name 'demos'
[0.082s] Level 1:colcon.colcon_core.package_identification:_identify(labbar/lab1/src/turtlesim_goal) by extensions ['ignore', 'ignore_ament_install']
[0.082s] Level 1:colcon.colcon_core.package_identification:_identify(labbar/lab1/src/turtlesim_goal) by extension 'ignore'
[0.082s] Level 1:colcon.colcon_core.package_identification:_identify(labbar/lab1/src/turtlesim_goal) by extension 'ignore_ament_install'
[0.082s] Level 1:colcon.colcon_core.package_identification:_identify(labbar/lab1/src/turtlesim_goal) by extensions ['colcon_pkg']
[0.082s] Level 1:colcon.colcon_core.package_identification:_identify(labbar/lab1/src/turtlesim_goal) by extension 'colcon_pkg'
[0.082s] Level 1:colcon.colcon_core.package_identification:_identify(labbar/lab1/src/turtlesim_goal) by extensions ['colcon_meta']
[0.082s] Level 1:colcon.colcon_core.package_identification:_identify(labbar/lab1/src/turtlesim_goal) by extension 'colcon_meta'
[0.082s] Level 1:colcon.colcon_core.package_identification:_identify(labbar/lab1/src/turtlesim_goal) by extensions ['ros']
[0.082s] Level 1:colcon.colcon_core.package_identification:_identify(labbar/lab1/src/turtlesim_goal) by extension 'ros'
[0.082s] DEBUG:colcon.colcon_core.package_identification:Package 'labbar/lab1/src/turtlesim_goal' with type 'ros.ament_cmake' and name 'turtlesim_goal'
[0.082s] Level 1:colcon.colcon_core.package_identification:_identify(labbar/lab2) by extensions ['ignore', 'ignore_ament_install']
[0.082s] Level 1:colcon.colcon_core.package_identification:_identify(labbar/lab2) by extension 'ignore'
[0.082s] Level 1:colcon.colcon_core.package_identification:_identify(labbar/lab2) by extension 'ignore_ament_install'
[0.082s] Level 1:colcon.colcon_core.package_identification:_identify(labbar/lab2) by extensions ['colcon_pkg']
[0.082s] Level 1:colcon.colcon_core.package_identification:_identify(labbar/lab2) by extension 'colcon_pkg'
[0.082s] Level 1:colcon.colcon_core.package_identification:_identify(labbar/lab2) by extensions ['colcon_meta']
[0.082s] Level 1:colcon.colcon_core.package_identification:_identify(labbar/lab2) by extension 'colcon_meta'
[0.082s] Level 1:colcon.colcon_core.package_identification:_identify(labbar/lab2) by extensions ['ros']
[0.082s] Level 1:colcon.colcon_core.package_identification:_identify(labbar/lab2) by extension 'ros'
[0.082s] Level 1:colcon.colcon_core.package_identification:_identify(labbar/lab2) by extensions ['cmake', 'python']
[0.082s] Level 1:colcon.colcon_core.package_identification:_identify(labbar/lab2) by extension 'cmake'
[0.083s] Level 1:colcon.colcon_core.package_identification:_identify(labbar/lab2) by extension 'python'
[0.083s] Level 1:colcon.colcon_core.package_identification:_identify(labbar/lab2) by extensions ['python_setup_py']
[0.083s] Level 1:colcon.colcon_core.package_identification:_identify(labbar/lab2) by extension 'python_setup_py'
[0.083s] Level 1:colcon.colcon_core.package_identification:_identify(labbar/lab2/src) by extensions ['ignore', 'ignore_ament_install']
[0.083s] Level 1:colcon.colcon_core.package_identification:_identify(labbar/lab2/src) by extension 'ignore'
[0.083s] Level 1:colcon.colcon_core.package_identification:_identify(labbar/lab2/src) by extension 'ignore_ament_install'
[0.083s] Level 1:colcon.colcon_core.package_identification:_identify(labbar/lab2/src) by extensions ['colcon_pkg']
[0.083s] Level 1:colcon.colcon_core.package_identification:_identify(labbar/lab2/src) by extension 'colcon_pkg'
[0.083s] Level 1:colcon.colcon_core.package_identification:_identify(labbar/lab2/src) by extensions ['colcon_meta']
[0.083s] Level 1:colcon.colcon_core.package_identification:_identify(labbar/lab2/src) by extension 'colcon_meta'
[0.083s] Level 1:colcon.colcon_core.package_identification:_identify(labbar/lab2/src) by extensions ['ros']
[0.083s] Level 1:colcon.colcon_core.package_identification:_identify(labbar/lab2/src) by extension 'ros'
[0.083s] Level 1:colcon.colcon_core.package_identification:_identify(labbar/lab2/src) by extensions ['cmake', 'python']
[0.083s] Level 1:colcon.colcon_core.package_identification:_identify(labbar/lab2/src) by extension 'cmake'
[0.083s] Level 1:colcon.colcon_core.package_identification:_identify(labbar/lab2/src) by extension 'python'
[0.083s] Level 1:colcon.colcon_core.package_identification:_identify(labbar/lab2/src) by extensions ['python_setup_py']
[0.083s] Level 1:colcon.colcon_core.package_identification:_identify(labbar/lab2/src) by extension 'python_setup_py'
[0.083s] Level 1:colcon.colcon_core.package_identification:_identify(labbar/lab2/src/bringup) by extensions ['ignore', 'ignore_ament_install']
[0.083s] Level 1:colcon.colcon_core.package_identification:_identify(labbar/lab2/src/bringup) by extension 'ignore'
[0.083s] Level 1:colcon.colcon_core.package_identification:_identify(labbar/lab2/src/bringup) by extension 'ignore_ament_install'
[0.083s] Level 1:colcon.colcon_core.package_identification:_identify(labbar/lab2/src/bringup) by extensions ['colcon_pkg']
[0.083s] Level 1:colcon.colcon_core.package_identification:_identify(labbar/lab2/src/bringup) by extension 'colcon_pkg'
[0.083s] Level 1:colcon.colcon_core.package_identification:_identify(labbar/lab2/src/bringup) by extensions ['colcon_meta']
[0.083s] Level 1:colcon.colcon_core.package_identification:_identify(labbar/lab2/src/bringup) by extension 'colcon_meta'
[0.083s] Level 1:colcon.colcon_core.package_identification:_identify(labbar/lab2/src/bringup) by extensions ['ros']
[0.083s] Level 1:colcon.colcon_core.package_identification:_identify(labbar/lab2/src/bringup) by extension 'ros'
[0.084s] DEBUG:colcon.colcon_core.package_identification:Package 'labbar/lab2/src/bringup' with type 'ros.ament_cmake' and name 'bringup'
[0.084s] Level 1:colcon.colcon_core.package_identification:_identify(labbar/lab2/src/obstacle_detection) by extensions ['ignore', 'ignore_ament_install']
[0.084s] Level 1:colcon.colcon_core.package_identification:_identify(labbar/lab2/src/obstacle_detection) by extension 'ignore'
[0.084s] Level 1:colcon.colcon_core.package_identification:_identify(labbar/lab2/src/obstacle_detection) by extension 'ignore_ament_install'
[0.084s] Level 1:colcon.colcon_core.package_identification:_identify(labbar/lab2/src/obstacle_detection) by extensions ['colcon_pkg']
[0.084s] Level 1:colcon.colcon_core.package_identification:_identify(labbar/lab2/src/obstacle_detection) by extension 'colcon_pkg'
[0.084s] Level 1:colcon.colcon_core.package_identification:_identify(labbar/lab2/src/obstacle_detection) by extensions ['colcon_meta']
[0.084s] Level 1:colcon.colcon_core.package_identification:_identify(labbar/lab2/src/obstacle_detection) by extension 'colcon_meta'
[0.084s] Level 1:colcon.colcon_core.package_identification:_identify(labbar/lab2/src/obstacle_detection) by extensions ['ros']
[0.084s] Level 1:colcon.colcon_core.package_identification:_identify(labbar/lab2/src/obstacle_detection) by extension 'ros'
[0.084s] DEBUG:colcon.colcon_core.package_identification:Package 'labbar/lab2/src/obstacle_detection' with type 'ros.ament_cmake' and name 'obstacle_detection'
[0.084s] Level 1:colcon.colcon_core.package_identification:_identify(log) by extensions ['ignore', 'ignore_ament_install']
[0.085s] Level 1:colcon.colcon_core.package_identification:_identify(log) by extension 'ignore'
[0.085s] Level 1:colcon.colcon_core.package_identification:_identify(log) ignored
[0.085s] Level 1:colcon.colcon_core.package_discovery:discover_packages(recursive) using defaults
[0.085s] Level 1:colcon.colcon_core.package_discovery:discover_packages(ignore) discover
[0.085s] Level 1:colcon.colcon_core.package_discovery:discover_packages(ignore) using defaults
[0.085s] Level 1:colcon.colcon_core.package_discovery:discover_packages(path) discover
[0.085s] Level 1:colcon.colcon_core.package_discovery:discover_packages(path) using defaults
[0.094s] Level 5:colcon.colcon_core.verb:set package 'bringup' build argument 'cmake_args' from command line to 'None'
[0.094s] Level 5:colcon.colcon_core.verb:set package 'bringup' build argument 'cmake_target' from command line to 'None'
[0.094s] Level 5:colcon.colcon_core.verb:set package 'bringup' build argument 'cmake_target_skip_unavailable' from command line to 'False'
[0.094s] Level 5:colcon.colcon_core.verb:set package 'bringup' build argument 'cmake_clean_cache' from command line to 'False'
[0.094s] Level 5:colcon.colcon_core.verb:set package 'bringup' build argument 'cmake_clean_first' from command line to 'False'
[0.094s] Level 5:colcon.colcon_core.verb:set package 'bringup' build argument 'cmake_force_configure' from command line to 'False'
[0.094s] Level 5:colcon.colcon_core.verb:set package 'bringup' build argument 'ament_cmake_args' from command line to 'None'
[0.094s] Level 5:colcon.colcon_core.verb:set package 'bringup' build argument 'catkin_cmake_args' from command line to 'None'
[0.094s] Level 5:colcon.colcon_core.verb:set package 'bringup' build argument 'catkin_skip_building_tests' from command line to 'False'
[0.094s] DEBUG:colcon.colcon_core.verb:Building package 'bringup' with the following arguments: {'ament_cmake_args': None, 'build_base': '/home/samirnoori/ros2_ws/build/bringup', 'catkin_cmake_args': None, 'catkin_skip_building_tests': False, 'cmake_args': None, 'cmake_clean_cache': False, 'cmake_clean_first': False, 'cmake_force_configure': False, 'cmake_target': None, 'cmake_target_skip_unavailable': False, 'install_base': '/home/samirnoori/ros2_ws/install/bringup', 'merge_install': False, 'path': '/home/samirnoori/ros2_ws/labbar/lab2/src/bringup', 'symlink_install': False, 'test_result_base': None}
[0.094s] Level 5:colcon.colcon_core.verb:set package 'demos' build argument 'cmake_args' from command line to 'None'
[0.094s] Level 5:colcon.colcon_core.verb:set package 'demos' build argument 'cmake_target' from command line to 'None'
[0.094s] Level 5:colcon.colcon_core.verb:set package 'demos' build argument 'cmake_target_skip_unavailable' from command line to 'False'
[0.094s] Level 5:colcon.colcon_core.verb:set package 'demos' build argument 'cmake_clean_cache' from command line to 'False'
[0.094s] Level 5:colcon.colcon_core.verb:set package 'demos' build argument 'cmake_clean_first' from command line to 'False'
[0.094s] Level 5:colcon.colcon_core.verb:set package 'demos' build argument 'cmake_force_configure' from command line to 'False'
[0.094s] Level 5:colcon.colcon_core.verb:set package 'demos' build argument 'ament_cmake_args' from command line to 'None'
[0.094s] Level 5:colcon.colcon_core.verb:set package 'demos' build argument 'catkin_cmake_args' from command line to 'None'
[0.094s] Level 5:colcon.colcon_core.verb:set package 'demos' build argument 'catkin_skip_building_tests' from command line to 'False'
[0.094s] DEBUG:colcon.colcon_core.verb:Building package 'demos' with the following arguments: {'ament_cmake_args': None, 'build_base': '/home/samirnoori/ros2_ws/build/demos', 'catkin_cmake_args': None, 'catkin_skip_building_tests': False, 'cmake_args': None, 'cmake_clean_cache': False, 'cmake_clean_first': False, 'cmake_force_configure': False, 'cmake_target': None, 'cmake_target_skip_unavailable': False, 'install_base': '/home/samirnoori/ros2_ws/install/demos', 'merge_install': False, 'path': '/home/samirnoori/ros2_ws/labbar/lab1/src/demos', 'symlink_install': False, 'test_result_base': None}
[0.094s] Level 5:colcon.colcon_core.verb:set package 'obstacle_detection' build argument 'cmake_args' from command line to 'None'
[0.094s] Level 5:colcon.colcon_core.verb:set package 'obstacle_detection' build argument 'cmake_target' from command line to 'None'
[0.094s] Level 5:colcon.colcon_core.verb:set package 'obstacle_detection' build argument 'cmake_target_skip_unavailable' from command line to 'False'
[0.094s] Level 5:colcon.colcon_core.verb:set package 'obstacle_detection' build argument 'cmake_clean_cache' from command line to 'False'
[0.094s] Level 5:colcon.colcon_core.verb:set package 'obstacle_detection' build argument 'cmake_clean_first' from command line to 'False'
[0.094s] Level 5:colcon.colcon_core.verb:set package 'obstacle_detection' build argument 'cmake_force_configure' from command line to 'False'
[0.094s] Level 5:colcon.colcon_core.verb:set package 'obstacle_detection' build argument 'ament_cmake_args' from command line to 'None'
[0.094s] Level 5:colcon.colcon_core.verb:set package 'obstacle_detection' build argument 'catkin_cmake_args' from command line to 'None'
[0.094s] Level 5:colcon.colcon_core.verb:set package 'obstacle_detection' build argument 'catkin_skip_building_tests' from command line to 'False'
[0.094s] DEBUG:colcon.colcon_core.verb:Building package 'obstacle_detection' with the following arguments: {'ament_cmake_args': None, 'build_base': '/home/samirnoori/ros2_ws/build/obstacle_detection', 'catkin_cmake_args': None, 'catkin_skip_building_tests': False, 'cmake_args': None, 'cmake_clean_cache': False, 'cmake_clean_first': False, 'cmake_force_configure': False, 'cmake_target': None, 'cmake_target_skip_unavailable': False, 'install_base': '/home/samirnoori/ros2_ws/install/obstacle_detection', 'merge_install': False, 'path': '/home/samirnoori/ros2_ws/labbar/lab2/src/obstacle_detection', 'symlink_install': False, 'test_result_base': None}
[0.094s] Level 5:colcon.colcon_core.verb:set package 'turtlesim_goal' build argument 'cmake_args' from command line to 'None'
[0.094s] Level 5:colcon.colcon_core.verb:set package 'turtlesim_goal' build argument 'cmake_target' from command line to 'None'
[0.094s] Level 5:colcon.colcon_core.verb:set package 'turtlesim_goal' build argument 'cmake_target_skip_unavailable' from command line to 'False'
[0.094s] Level 5:colcon.colcon_core.verb:set package 'turtlesim_goal' build argument 'cmake_clean_cache' from command line to 'False'
[0.094s] Level 5:colcon.colcon_core.verb:set package 'turtlesim_goal' build argument 'cmake_clean_first' from command line to 'False'
[0.094s] Level 5:colcon.colcon_core.verb:set package 'turtlesim_goal' build argument 'cmake_force_configure' from command line to 'False'
[0.094s] Level 5:colcon.colcon_core.verb:set package 'turtlesim_goal' build argument 'ament_cmake_args' from command line to 'None'
[0.094s] Level 5:colcon.colcon_core.verb:set package 'turtlesim_goal' build argument 'catkin_cmake_args' from command line to 'None'
[0.094s] Level 5:colcon.colcon_core.verb:set package 'turtlesim_goal' build argument 'catkin_skip_building_tests' from command line to 'False'
[0.094s] DEBUG:colcon.colcon_core.verb:Building package 'turtlesim_goal' with the following arguments: {'ament_cmake_args': None, 'build_base': '/home/samirnoori/ros2_ws/build/turtlesim_goal', 'catkin_cmake_args': None, 'catkin_skip_building_tests': False, 'cmake_args': None, 'cmake_clean_cache': False, 'cmake_clean_first': False, 'cmake_force_configure': False, 'cmake_target': None, 'cmake_target_skip_unavailable': False, 'install_base': '/home/samirnoori/ros2_ws/install/turtlesim_goal', 'merge_install': False, 'path': '/home/samirnoori/ros2_ws/labbar/lab1/src/turtlesim_goal', 'symlink_install': False, 'test_result_base': None}
[0.094s] INFO:colcon.colcon_core.executor:Executing jobs using 'parallel' executor
[0.095s] DEBUG:colcon.colcon_parallel_executor.executor.parallel:run_until_complete
[0.095s] INFO:colcon.colcon_ros.task.ament_cmake.build:Building ROS package in '/home/samirnoori/ros2_ws/labbar/lab2/src/bringup' with build type 'ament_cmake'
[0.095s] INFO:colcon.colcon_cmake.task.cmake.build:Building CMake package in '/home/samirnoori/ros2_ws/labbar/lab2/src/bringup'
[0.096s] INFO:colcon.colcon_core.plugin_system:Skipping extension 'colcon_core.shell.bat': Not used on non-Windows systems
[0.096s] DEBUG:colcon.colcon_core.shell:Skip shell extension 'dsv' for command environment
[0.098s] INFO:colcon.colcon_ros.task.ament_cmake.build:Building ROS package in '/home/samirnoori/ros2_ws/labbar/lab1/src/demos' with build type 'ament_cmake'
[0.098s] INFO:colcon.colcon_cmake.task.cmake.build:Building CMake package in '/home/samirnoori/ros2_ws/labbar/lab1/src/demos'
[0.098s] DEBUG:colcon.colcon_core.shell:Skip shell extension 'dsv' for command environment
[0.099s] INFO:colcon.colcon_ros.task.ament_cmake.build:Building ROS package in '/home/samirnoori/ros2_ws/labbar/lab2/src/obstacle_detection' with build type 'ament_cmake'
[0.099s] INFO:colcon.colcon_cmake.task.cmake.build:Building CMake package in '/home/samirnoori/ros2_ws/labbar/lab2/src/obstacle_detection'
[0.099s] DEBUG:colcon.colcon_core.shell:Skip shell extension 'dsv' for command environment
[0.100s] INFO:colcon.colcon_ros.task.ament_cmake.build:Building ROS package in '/home/samirnoori/ros2_ws/labbar/lab1/src/turtlesim_goal' with build type 'ament_cmake'
[0.100s] INFO:colcon.colcon_cmake.task.cmake.build:Building CMake package in '/home/samirnoori/ros2_ws/labbar/lab1/src/turtlesim_goal'
[0.101s] DEBUG:colcon.colcon_core.shell:Skip shell extension 'dsv' for command environment
[0.103s] DEBUG:colcon.colcon_core.event_handler.log_command:Invoking command in '/home/samirnoori/ros2_ws/build/bringup': CMAKE_PREFIX_PATH=${CMAKE_PREFIX_PATH}:/opt/ros/jazzy DEBUGINFOD_URLS=https://debuginfod.ubuntu.com /usr/bin/cmake /home/samirnoori/ros2_ws/labbar/lab2/src/bringup -DCMAKE_INSTALL_PREFIX=/home/samirnoori/ros2_ws/install/bringup
[0.104s] DEBUG:colcon.colcon_core.event_handler.log_command:Invoking command in '/home/samirnoori/ros2_ws/build/demos': CMAKE_PREFIX_PATH=${CMAKE_PREFIX_PATH}:/opt/ros/jazzy DEBUGINFOD_URLS=https://debuginfod.ubuntu.com /usr/bin/cmake /home/samirnoori/ros2_ws/labbar/lab1/src/demos -DCMAKE_INSTALL_PREFIX=/home/samirnoori/ros2_ws/install/demos
[0.104s] DEBUG:colcon.colcon_core.event_handler.log_command:Invoking command in '/home/samirnoori/ros2_ws/build/obstacle_detection': CMAKE_PREFIX_PATH=${CMAKE_PREFIX_PATH}:/opt/ros/jazzy DEBUGINFOD_URLS=https://debuginfod.ubuntu.com /usr/bin/cmake /home/samirnoori/ros2_ws/labbar/lab2/src/obstacle_detection -DCMAKE_INSTALL_PREFIX=/home/samirnoori/ros2_ws/install/obstacle_detection
[0.106s] DEBUG:colcon.colcon_core.event_handler.log_command:Invoking command in '/home/samirnoori/ros2_ws/build/turtlesim_goal': CMAKE_PREFIX_PATH=${CMAKE_PREFIX_PATH}:/opt/ros/jazzy DEBUGINFOD_URLS=https://debuginfod.ubuntu.com /usr/bin/cmake /home/samirnoori/ros2_ws/labbar/lab1/src/turtlesim_goal -DCMAKE_INSTALL_PREFIX=/home/samirnoori/ros2_ws/install/turtlesim_goal
[0.529s] DEBUG:colcon.colcon_core.event_handler.log_command:Invoked command in '/home/samirnoori/ros2_ws/build/bringup' returned '0': CMAKE_PREFIX_PATH=${CMAKE_PREFIX_PATH}:/opt/ros/jazzy DEBUGINFOD_URLS=https://debuginfod.ubuntu.com /usr/bin/cmake /home/samirnoori/ros2_ws/labbar/lab2/src/bringup -DCMAKE_INSTALL_PREFIX=/home/samirnoori/ros2_ws/install/bringup
[0.530s] DEBUG:colcon.colcon_core.event_handler.log_command:Invoking command in '/home/samirnoori/ros2_ws/build/bringup': CMAKE_PREFIX_PATH=${CMAKE_PREFIX_PATH}:/opt/ros/jazzy DEBUGINFOD_URLS=https://debuginfod.ubuntu.com /usr/bin/cmake --build /home/samirnoori/ros2_ws/build/bringup -- -j24 -l24
[0.551s] DEBUG:colcon.colcon_core.event_handler.log_command:Invoked command in '/home/samirnoori/ros2_ws/build/bringup' returned '0': CMAKE_PREFIX_PATH=${CMAKE_PREFIX_PATH}:/opt/ros/jazzy DEBUGINFOD_URLS=https://debuginfod.ubuntu.com /usr/bin/cmake --build /home/samirnoori/ros2_ws/build/bringup -- -j24 -l24
[0.556s] DEBUG:colcon.colcon_core.event_handler.log_command:Invoking command in '/home/samirnoori/ros2_ws/build/bringup': CMAKE_PREFIX_PATH=${CMAKE_PREFIX_PATH}:/opt/ros/jazzy DEBUGINFOD_URLS=https://debuginfod.ubuntu.com /usr/bin/cmake --install /home/samirnoori/ros2_ws/build/bringup
[0.576s] Level 1:colcon.colcon_core.environment:create_environment_scripts_only(bringup)
[0.576s] DEBUG:colcon.colcon_core.event_handler.log_command:Invoked command in '/home/samirnoori/ros2_ws/build/bringup' returned '0': CMAKE_PREFIX_PATH=${CMAKE_PREFIX_PATH}:/opt/ros/jazzy DEBUGINFOD_URLS=https://debuginfod.ubuntu.com /usr/bin/cmake --install /home/samirnoori/ros2_ws/build/bringup
[0.578s] Level 1:colcon.colcon_core.environment:checking '/home/samirnoori/ros2_ws/install/bringup' for CMake module files
[0.579s] Level 1:colcon.colcon_core.environment:checking '/home/samirnoori/ros2_ws/install/bringup' for CMake config files
[0.579s] Level 1:colcon.colcon_core.shell:create_environment_hook('bringup', 'cmake_prefix_path')
[0.579s] INFO:colcon.colcon_core.shell:Creating environment descriptor '/home/samirnoori/ros2_ws/install/bringup/share/bringup/hook/cmake_prefix_path.dsv'
[0.580s] INFO:colcon.colcon_core.shell:Creating environment hook '/home/samirnoori/ros2_ws/install/bringup/share/bringup/hook/cmake_prefix_path.sh'
[0.580s] Level 1:colcon.colcon_core.environment:checking '/home/samirnoori/ros2_ws/install/bringup/bin'
[0.580s] Level 1:colcon.colcon_core.environment:checking '/home/samirnoori/ros2_ws/install/bringup/lib/pkgconfig/bringup.pc'
[0.582s] Level 1:colcon.colcon_core.environment:checking '/home/samirnoori/ros2_ws/install/bringup/lib/python3.12/site-packages'
[0.583s] Level 1:colcon.colcon_core.environment:checking '/home/samirnoori/ros2_ws/install/bringup/bin'
[0.583s] INFO:colcon.colcon_core.shell:Creating package descriptor '/home/samirnoori/ros2_ws/install/bringup/share/bringup/package.dsv'
[0.583s] INFO:colcon.colcon_core.shell:Creating package script '/home/samirnoori/ros2_ws/install/bringup/share/bringup/package.sh'
[0.584s] INFO:colcon.colcon_core.shell:Creating package script '/home/samirnoori/ros2_ws/install/bringup/share/bringup/package.bash'
[0.584s] INFO:colcon.colcon_core.shell:Creating package script '/home/samirnoori/ros2_ws/install/bringup/share/bringup/package.zsh'
[0.585s] Level 1:colcon.colcon_core.environment:create_file_with_runtime_dependencies(/home/samirnoori/ros2_ws/install/bringup/share/colcon-core/packages/bringup)
[0.586s] Level 1:colcon.colcon_core.environment:create_environment_scripts_only(bringup)
[0.586s] Level 1:colcon.colcon_core.environment:checking '/home/samirnoori/ros2_ws/install/bringup' for CMake module files
[0.586s] Level 1:colcon.colcon_core.environment:checking '/home/samirnoori/ros2_ws/install/bringup' for CMake config files
[0.587s] Level 1:colcon.colcon_core.shell:create_environment_hook('bringup', 'cmake_prefix_path')
[0.587s] INFO:colcon.colcon_core.shell:Creating environment descriptor '/home/samirnoori/ros2_ws/install/bringup/share/bringup/hook/cmake_prefix_path.dsv'
[0.587s] INFO:colcon.colcon_core.shell:Creating environment hook '/home/samirnoori/ros2_ws/install/bringup/share/bringup/hook/cmake_prefix_path.sh'
[0.587s] Level 1:colcon.colcon_core.environment:checking '/home/samirnoori/ros2_ws/install/bringup/bin'
[0.588s] Level 1:colcon.colcon_core.environment:checking '/home/samirnoori/ros2_ws/install/bringup/lib/pkgconfig/bringup.pc'
[0.588s] Level 1:colcon.colcon_core.environment:checking '/home/samirnoori/ros2_ws/install/bringup/lib/python3.12/site-packages'
[0.588s] Level 1:colcon.colcon_core.environment:checking '/home/samirnoori/ros2_ws/install/bringup/bin'
[0.588s] INFO:colcon.colcon_core.shell:Creating package descriptor '/home/samirnoori/ros2_ws/install/bringup/share/bringup/package.dsv'
[0.589s] INFO:colcon.colcon_core.shell:Creating package script '/home/samirnoori/ros2_ws/install/bringup/share/bringup/package.sh'
[0.589s] INFO:colcon.colcon_core.shell:Creating package script '/home/samirnoori/ros2_ws/install/bringup/share/bringup/package.bash'
[0.589s] INFO:colcon.colcon_core.shell:Creating package script '/home/samirnoori/ros2_ws/install/bringup/share/bringup/package.zsh'
[0.590s] Level 1:colcon.colcon_core.environment:create_file_with_runtime_dependencies(/home/samirnoori/ros2_ws/install/bringup/share/colcon-core/packages/bringup)
[0.830s] DEBUG:colcon.colcon_core.event_handler.log_command:Invoked command in '/home/samirnoori/ros2_ws/build/turtlesim_goal' returned '0': CMAKE_PREFIX_PATH=${CMAKE_PREFIX_PATH}:/opt/ros/jazzy DEBUGINFOD_URLS=https://debuginfod.ubuntu.com /usr/bin/cmake /home/samirnoori/ros2_ws/labbar/lab1/src/turtlesim_goal -DCMAKE_INSTALL_PREFIX=/home/samirnoori/ros2_ws/install/turtlesim_goal
[0.830s] DEBUG:colcon.colcon_core.event_handler.log_command:Invoking command in '/home/samirnoori/ros2_ws/build/turtlesim_goal': CMAKE_PREFIX_PATH=${CMAKE_PREFIX_PATH}:/opt/ros/jazzy DEBUGINFOD_URLS=https://debuginfod.ubuntu.com /usr/bin/cmake --build /home/samirnoori/ros2_ws/build/turtlesim_goal -- -j24 -l24
[0.838s] DEBUG:colcon.colcon_core.event_handler.log_command:Invoked command in '/home/samirnoori/ros2_ws/build/demos' returned '0': CMAKE_PREFIX_PATH=${CMAKE_PREFIX_PATH}:/opt/ros/jazzy DEBUGINFOD_URLS=https://debuginfod.ubuntu.com /usr/bin/cmake /home/samirnoori/ros2_ws/labbar/lab1/src/demos -DCMAKE_INSTALL_PREFIX=/home/samirnoori/ros2_ws/install/demos
[0.838s] DEBUG:colcon.colcon_core.event_handler.log_command:Invoking command in '/home/samirnoori/ros2_ws/build/demos': CMAKE_PREFIX_PATH=${CMAKE_PREFIX_PATH}:/opt/ros/jazzy DEBUGINFOD_URLS=https://debuginfod.ubuntu.com /usr/bin/cmake --build /home/samirnoori/ros2_ws/build/demos -- -j24 -l24
[0.873s] DEBUG:colcon.colcon_core.event_handler.log_command:Invoked command in '/home/samirnoori/ros2_ws/build/obstacle_detection' returned '0': CMAKE_PREFIX_PATH=${CMAKE_PREFIX_PATH}:/opt/ros/jazzy DEBUGINFOD_URLS=https://debuginfod.ubuntu.com /usr/bin/cmake /home/samirnoori/ros2_ws/labbar/lab2/src/obstacle_detection -DCMAKE_INSTALL_PREFIX=/home/samirnoori/ros2_ws/install/obstacle_detection
[0.873s] DEBUG:colcon.colcon_core.event_handler.log_command:Invoking command in '/home/samirnoori/ros2_ws/build/obstacle_detection': CMAKE_PREFIX_PATH=${CMAKE_PREFIX_PATH}:/opt/ros/jazzy DEBUGINFOD_URLS=https://debuginfod.ubuntu.com /usr/bin/cmake --build /home/samirnoori/ros2_ws/build/obstacle_detection -- -j24 -l24
[1.032s] DEBUG:colcon.colcon_core.event_handler.log_command:Invoked command in '/home/samirnoori/ros2_ws/build/turtlesim_goal' returned '0': CMAKE_PREFIX_PATH=${CMAKE_PREFIX_PATH}:/opt/ros/jazzy DEBUGINFOD_URLS=https://debuginfod.ubuntu.com /usr/bin/cmake --build /home/samirnoori/ros2_ws/build/turtlesim_goal -- -j24 -l24
[1.033s] DEBUG:colcon.colcon_core.event_handler.log_command:Invoking command in '/home/samirnoori/ros2_ws/build/turtlesim_goal': CMAKE_PREFIX_PATH=${CMAKE_PREFIX_PATH}:/opt/ros/jazzy DEBUGINFOD_URLS=https://debuginfod.ubuntu.com /usr/bin/cmake --install /home/samirnoori/ros2_ws/build/turtlesim_goal
[1.034s] DEBUG:colcon.colcon_core.event_handler.log_command:Invoked command in '/home/samirnoori/ros2_ws/build/demos' returned '0': CMAKE_PREFIX_PATH=${CMAKE_PREFIX_PATH}:/opt/ros/jazzy DEBUGINFOD_URLS=https://debuginfod.ubuntu.com /usr/bin/cmake --build /home/samirnoori/ros2_ws/build/demos -- -j24 -l24
[1.034s] DEBUG:colcon.colcon_core.event_handler.log_command:Invoking command in '/home/samirnoori/ros2_ws/build/demos': CMAKE_PREFIX_PATH=${CMAKE_PREFIX_PATH}:/opt/ros/jazzy DEBUGINFOD_URLS=https://debuginfod.ubuntu.com /usr/bin/cmake --install /home/samirnoori/ros2_ws/build/demos
[1.066s] DEBUG:colcon.colcon_core.event_handler.log_command:Invoked command in '/home/samirnoori/ros2_ws/build/obstacle_detection' returned '0': CMAKE_PREFIX_PATH=${CMAKE_PREFIX_PATH}:/opt/ros/jazzy DEBUGINFOD_URLS=https://debuginfod.ubuntu.com /usr/bin/cmake --build /home/samirnoori/ros2_ws/build/obstacle_detection -- -j24 -l24
[1.068s] DEBUG:colcon.colcon_core.event_handler.log_command:Invoking command in '/home/samirnoori/ros2_ws/build/obstacle_detection': CMAKE_PREFIX_PATH=${CMAKE_PREFIX_PATH}:/opt/ros/jazzy DEBUGINFOD_URLS=https://debuginfod.ubuntu.com /usr/bin/cmake --install /home/samirnoori/ros2_ws/build/obstacle_detection
[1.068s] Level 1:colcon.colcon_core.environment:create_environment_scripts_only(turtlesim_goal)
[1.068s] DEBUG:colcon.colcon_core.event_handler.log_command:Invoked command in '/home/samirnoori/ros2_ws/build/turtlesim_goal' returned '0': CMAKE_PREFIX_PATH=${CMAKE_PREFIX_PATH}:/opt/ros/jazzy DEBUGINFOD_URLS=https://debuginfod.ubuntu.com /usr/bin/cmake --install /home/samirnoori/ros2_ws/build/turtlesim_goal
[1.068s] Level 1:colcon.colcon_core.environment:checking '/home/samirnoori/ros2_ws/install/turtlesim_goal' for CMake module files
[1.069s] Level 1:colcon.colcon_core.environment:checking '/home/samirnoori/ros2_ws/install/turtlesim_goal' for CMake config files
[1.069s] Level 1:colcon.colcon_core.shell:create_environment_hook('turtlesim_goal', 'cmake_prefix_path')
[1.069s] INFO:colcon.colcon_core.shell:Creating environment descriptor '/home/samirnoori/ros2_ws/install/turtlesim_goal/share/turtlesim_goal/hook/cmake_prefix_path.dsv'
[1.069s] INFO:colcon.colcon_core.shell:Creating environment hook '/home/samirnoori/ros2_ws/install/turtlesim_goal/share/turtlesim_goal/hook/cmake_prefix_path.sh'
[1.069s] Level 1:colcon.colcon_core.environment:checking '/home/samirnoori/ros2_ws/install/turtlesim_goal/lib'
[1.070s] Level 1:colcon.colcon_core.environment:checking '/home/samirnoori/ros2_ws/install/turtlesim_goal/bin'
[1.070s] Level 1:colcon.colcon_core.environment:checking '/home/samirnoori/ros2_ws/install/turtlesim_goal/lib/pkgconfig/turtlesim_goal.pc'
[1.070s] Level 1:colcon.colcon_core.environment:checking '/home/samirnoori/ros2_ws/install/turtlesim_goal/lib/python3.12/site-packages'
[1.070s] Level 1:colcon.colcon_core.shell:create_environment_hook('turtlesim_goal', 'pythonpath')
[1.070s] INFO:colcon.colcon_core.shell:Creating environment descriptor '/home/samirnoori/ros2_ws/install/turtlesim_goal/share/turtlesim_goal/hook/pythonpath.dsv'
[1.070s] INFO:colcon.colcon_core.shell:Creating environment hook '/home/samirnoori/ros2_ws/install/turtlesim_goal/share/turtlesim_goal/hook/pythonpath.sh'
[1.070s] Level 1:colcon.colcon_core.environment:checking '/home/samirnoori/ros2_ws/install/turtlesim_goal/bin'
[1.070s] INFO:colcon.colcon_core.shell:Creating package descriptor '/home/samirnoori/ros2_ws/install/turtlesim_goal/share/turtlesim_goal/package.dsv'
[1.071s] INFO:colcon.colcon_core.shell:Creating package script '/home/samirnoori/ros2_ws/install/turtlesim_goal/share/turtlesim_goal/package.sh'
[1.071s] INFO:colcon.colcon_core.shell:Creating package script '/home/samirnoori/ros2_ws/install/turtlesim_goal/share/turtlesim_goal/package.bash'
[1.071s] INFO:colcon.colcon_core.shell:Creating package script '/home/samirnoori/ros2_ws/install/turtlesim_goal/share/turtlesim_goal/package.zsh'
[1.071s] Level 1:colcon.colcon_core.environment:create_file_with_runtime_dependencies(/home/samirnoori/ros2_ws/install/turtlesim_goal/share/colcon-core/packages/turtlesim_goal)
[1.071s] Level 1:colcon.colcon_core.environment:create_environment_scripts_only(turtlesim_goal)
[1.071s] Level 1:colcon.colcon_core.environment:checking '/home/samirnoori/ros2_ws/install/turtlesim_goal' for CMake module files
[1.072s] Level 1:colcon.colcon_core.environment:checking '/home/samirnoori/ros2_ws/install/turtlesim_goal' for CMake config files
[1.072s] Level 1:colcon.colcon_core.shell:create_environment_hook('turtlesim_goal', 'cmake_prefix_path')
[1.072s] INFO:colcon.colcon_core.shell:Creating environment descriptor '/home/samirnoori/ros2_ws/install/turtlesim_goal/share/turtlesim_goal/hook/cmake_prefix_path.dsv'
[1.072s] INFO:colcon.colcon_core.shell:Creating environment hook '/home/samirnoori/ros2_ws/install/turtlesim_goal/share/turtlesim_goal/hook/cmake_prefix_path.sh'
[1.072s] Level 1:colcon.colcon_core.environment:checking '/home/samirnoori/ros2_ws/install/turtlesim_goal/lib'
[1.072s] Level 1:colcon.colcon_core.environment:checking '/home/samirnoori/ros2_ws/install/turtlesim_goal/bin'
[1.072s] Level 1:colcon.colcon_core.environment:checking '/home/samirnoori/ros2_ws/install/turtlesim_goal/lib/pkgconfig/turtlesim_goal.pc'
[1.072s] Level 1:colcon.colcon_core.environment:checking '/home/samirnoori/ros2_ws/install/turtlesim_goal/lib/python3.12/site-packages'
[1.072s] Level 1:colcon.colcon_core.shell:create_environment_hook('turtlesim_goal', 'pythonpath')
[1.072s] INFO:colcon.colcon_core.shell:Creating environment descriptor '/home/samirnoori/ros2_ws/install/turtlesim_goal/share/turtlesim_goal/hook/pythonpath.dsv'
[1.073s] INFO:colcon.colcon_core.shell:Creating environment hook '/home/samirnoori/ros2_ws/install/turtlesim_goal/share/turtlesim_goal/hook/pythonpath.sh'
[1.073s] Level 1:colcon.colcon_core.environment:checking '/home/samirnoori/ros2_ws/install/turtlesim_goal/bin'
[1.073s] INFO:colcon.colcon_core.shell:Creating package descriptor '/home/samirnoori/ros2_ws/install/turtlesim_goal/share/turtlesim_goal/package.dsv'
[1.074s] INFO:colcon.colcon_core.shell:Creating package script '/home/samirnoori/ros2_ws/install/turtlesim_goal/share/turtlesim_goal/package.sh'
[1.074s] INFO:colcon.colcon_core.shell:Creating package script '/home/samirnoori/ros2_ws/install/turtlesim_goal/share/turtlesim_goal/package.bash'
[1.074s] INFO:colcon.colcon_core.shell:Creating package script '/home/samirnoori/ros2_ws/install/turtlesim_goal/share/turtlesim_goal/package.zsh'
[1.074s] Level 1:colcon.colcon_core.environment:create_file_with_runtime_dependencies(/home/samirnoori/ros2_ws/install/turtlesim_goal/share/colcon-core/packages/turtlesim_goal)
[1.075s] Level 1:colcon.colcon_core.environment:create_environment_scripts_only(demos)
[1.075s] Level 1:colcon.colcon_core.environment:checking '/home/samirnoori/ros2_ws/install/demos' for CMake module files
[1.075s] DEBUG:colcon.colcon_core.event_handler.log_command:Invoked command in '/home/samirnoori/ros2_ws/build/demos' returned '0': CMAKE_PREFIX_PATH=${CMAKE_PREFIX_PATH}:/opt/ros/jazzy DEBUGINFOD_URLS=https://debuginfod.ubuntu.com /usr/bin/cmake --install /home/samirnoori/ros2_ws/build/demos
[1.076s] Level 1:colcon.colcon_core.environment:checking '/home/samirnoori/ros2_ws/install/demos' for CMake config files
[1.076s] Level 1:colcon.colcon_core.shell:create_environment_hook('demos', 'cmake_prefix_path')
[1.076s] INFO:colcon.colcon_core.shell:Creating environment descriptor '/home/samirnoori/ros2_ws/install/demos/share/demos/hook/cmake_prefix_path.dsv'
[1.076s] INFO:colcon.colcon_core.shell:Creating environment hook '/home/samirnoori/ros2_ws/install/demos/share/demos/hook/cmake_prefix_path.sh'
[1.077s] Level 1:colcon.colcon_core.environment:checking '/home/samirnoori/ros2_ws/install/demos/lib'
[1.077s] Level 1:colcon.colcon_core.environment:checking '/home/samirnoori/ros2_ws/install/demos/bin'
[1.077s] Level 1:colcon.colcon_core.environment:checking '/home/samirnoori/ros2_ws/install/demos/lib/pkgconfig/demos.pc'
[1.077s] Level 1:colcon.colcon_core.environment:checking '/home/samirnoori/ros2_ws/install/demos/lib/python3.12/site-packages'
[1.077s] Level 1:colcon.colcon_core.shell:create_environment_hook('demos', 'pythonpath')
[1.077s] INFO:colcon.colcon_core.shell:Creating environment descriptor '/home/samirnoori/ros2_ws/install/demos/share/demos/hook/pythonpath.dsv'
[1.078s] INFO:colcon.colcon_core.shell:Creating environment hook '/home/samirnoori/ros2_ws/install/demos/share/demos/hook/pythonpath.sh'
[1.078s] Level 1:colcon.colcon_core.environment:checking '/home/samirnoori/ros2_ws/install/demos/bin'
[1.079s] INFO:colcon.colcon_core.shell:Creating package descriptor '/home/samirnoori/ros2_ws/install/demos/share/demos/package.dsv'
[1.079s] INFO:colcon.colcon_core.shell:Creating package script '/home/samirnoori/ros2_ws/install/demos/share/demos/package.sh'
[1.079s] INFO:colcon.colcon_core.shell:Creating package script '/home/samirnoori/ros2_ws/install/demos/share/demos/package.bash'
[1.079s] INFO:colcon.colcon_core.shell:Creating package script '/home/samirnoori/ros2_ws/install/demos/share/demos/package.zsh'
[1.079s] Level 1:colcon.colcon_core.environment:create_file_with_runtime_dependencies(/home/samirnoori/ros2_ws/install/demos/share/colcon-core/packages/demos)
[1.080s] Level 1:colcon.colcon_core.environment:create_environment_scripts_only(demos)
[1.080s] Level 1:colcon.colcon_core.environment:checking '/home/samirnoori/ros2_ws/install/demos' for CMake module files
[1.080s] Level 1:colcon.colcon_core.environment:checking '/home/samirnoori/ros2_ws/install/demos' for CMake config files
[1.080s] Level 1:colcon.colcon_core.shell:create_environment_hook('demos', 'cmake_prefix_path')
[1.080s] INFO:colcon.colcon_core.shell:Creating environment descriptor '/home/samirnoori/ros2_ws/install/demos/share/demos/hook/cmake_prefix_path.dsv'
[1.080s] INFO:colcon.colcon_core.shell:Creating environment hook '/home/samirnoori/ros2_ws/install/demos/share/demos/hook/cmake_prefix_path.sh'
[1.081s] Level 1:colcon.colcon_core.environment:checking '/home/samirnoori/ros2_ws/install/demos/lib'
[1.081s] Level 1:colcon.colcon_core.environment:checking '/home/samirnoori/ros2_ws/install/demos/bin'
[1.081s] Level 1:colcon.colcon_core.environment:checking '/home/samirnoori/ros2_ws/install/demos/lib/pkgconfig/demos.pc'
[1.081s] Level 1:colcon.colcon_core.environment:checking '/home/samirnoori/ros2_ws/install/demos/lib/python3.12/site-packages'
[1.081s] Level 1:colcon.colcon_core.shell:create_environment_hook('demos', 'pythonpath')
[1.081s] INFO:colcon.colcon_core.shell:Creating environment descriptor '/home/samirnoori/ros2_ws/install/demos/share/demos/hook/pythonpath.dsv'
[1.081s] INFO:colcon.colcon_core.shell:Creating environment hook '/home/samirnoori/ros2_ws/install/demos/share/demos/hook/pythonpath.sh'
[1.081s] Level 1:colcon.colcon_core.environment:checking '/home/samirnoori/ros2_ws/install/demos/bin'
[1.082s] INFO:colcon.colcon_core.shell:Creating package descriptor '/home/samirnoori/ros2_ws/install/demos/share/demos/package.dsv'
[1.082s] INFO:colcon.colcon_core.shell:Creating package script '/home/samirnoori/ros2_ws/install/demos/share/demos/package.sh'
[1.082s] INFO:colcon.colcon_core.shell:Creating package script '/home/samirnoori/ros2_ws/install/demos/share/demos/package.bash'
[1.082s] INFO:colcon.colcon_core.shell:Creating package script '/home/samirnoori/ros2_ws/install/demos/share/demos/package.zsh'
[1.082s] Level 1:colcon.colcon_core.environment:create_file_with_runtime_dependencies(/home/samirnoori/ros2_ws/install/demos/share/colcon-core/packages/demos)
[1.099s] Level 1:colcon.colcon_core.environment:create_environment_scripts_only(obstacle_detection)
[1.099s] Level 1:colcon.colcon_core.environment:checking '/home/samirnoori/ros2_ws/install/obstacle_detection' for CMake module files
[1.099s] DEBUG:colcon.colcon_core.event_handler.log_command:Invoked command in '/home/samirnoori/ros2_ws/build/obstacle_detection' returned '0': CMAKE_PREFIX_PATH=${CMAKE_PREFIX_PATH}:/opt/ros/jazzy DEBUGINFOD_URLS=https://debuginfod.ubuntu.com /usr/bin/cmake --install /home/samirnoori/ros2_ws/build/obstacle_detection
[1.100s] Level 1:colcon.colcon_core.environment:checking '/home/samirnoori/ros2_ws/install/obstacle_detection' for CMake config files
[1.100s] Level 1:colcon.colcon_core.shell:create_environment_hook('obstacle_detection', 'cmake_prefix_path')
[1.100s] INFO:colcon.colcon_core.shell:Creating environment descriptor '/home/samirnoori/ros2_ws/install/obstacle_detection/share/obstacle_detection/hook/cmake_prefix_path.dsv'
[1.100s] INFO:colcon.colcon_core.shell:Creating environment hook '/home/samirnoori/ros2_ws/install/obstacle_detection/share/obstacle_detection/hook/cmake_prefix_path.sh'
[1.100s] Level 1:colcon.colcon_core.environment:checking '/home/samirnoori/ros2_ws/install/obstacle_detection/lib'
[1.100s] Level 1:colcon.colcon_core.environment:checking '/home/samirnoori/ros2_ws/install/obstacle_detection/bin'
[1.100s] Level 1:colcon.colcon_core.environment:checking '/home/samirnoori/ros2_ws/install/obstacle_detection/lib/pkgconfig/obstacle_detection.pc'
[1.100s] Level 1:colcon.colcon_core.environment:checking '/home/samirnoori/ros2_ws/install/obstacle_detection/lib/python3.12/site-packages'
[1.100s] Level 1:colcon.colcon_core.shell:create_environment_hook('obstacle_detection', 'pythonpath')
[1.101s] INFO:colcon.colcon_core.shell:Creating environment descriptor '/home/samirnoori/ros2_ws/install/obstacle_detection/share/obstacle_detection/hook/pythonpath.dsv'
[1.101s] INFO:colcon.colcon_core.shell:Creating environment hook '/home/samirnoori/ros2_ws/install/obstacle_detection/share/obstacle_detection/hook/pythonpath.sh'
[1.101s] Level 1:colcon.colcon_core.environment:checking '/home/samirnoori/ros2_ws/install/obstacle_detection/bin'
[1.101s] INFO:colcon.colcon_core.shell:Creating package descriptor '/home/samirnoori/ros2_ws/install/obstacle_detection/share/obstacle_detection/package.dsv'
[1.101s] INFO:colcon.colcon_core.shell:Creating package script '/home/samirnoori/ros2_ws/install/obstacle_detection/share/obstacle_detection/package.sh'
[1.102s] INFO:colcon.colcon_core.shell:Creating package script '/home/samirnoori/ros2_ws/install/obstacle_detection/share/obstacle_detection/package.bash'
[1.102s] INFO:colcon.colcon_core.shell:Creating package script '/home/samirnoori/ros2_ws/install/obstacle_detection/share/obstacle_detection/package.zsh'
[1.102s] Level 1:colcon.colcon_core.environment:create_file_with_runtime_dependencies(/home/samirnoori/ros2_ws/install/obstacle_detection/share/colcon-core/packages/obstacle_detection)
[1.102s] Level 1:colcon.colcon_core.environment:create_environment_scripts_only(obstacle_detection)
[1.102s] Level 1:colcon.colcon_core.environment:checking '/home/samirnoori/ros2_ws/install/obstacle_detection' for CMake module files
[1.102s] Level 1:colcon.colcon_core.environment:checking '/home/samirnoori/ros2_ws/install/obstacle_detection' for CMake config files
[1.102s] Level 1:colcon.colcon_core.shell:create_environment_hook('obstacle_detection', 'cmake_prefix_path')
[1.102s] INFO:colcon.colcon_core.shell:Creating environment descriptor '/home/samirnoori/ros2_ws/install/obstacle_detection/share/obstacle_detection/hook/cmake_prefix_path.dsv'
[1.103s] INFO:colcon.colcon_core.shell:Creating environment hook '/home/samirnoori/ros2_ws/install/obstacle_detection/share/obstacle_detection/hook/cmake_prefix_path.sh'
[1.103s] Level 1:colcon.colcon_core.environment:checking '/home/samirnoori/ros2_ws/install/obstacle_detection/lib'
[1.103s] Level 1:colcon.colcon_core.environment:checking '/home/samirnoori/ros2_ws/install/obstacle_detection/bin'
[1.103s] Level 1:colcon.colcon_core.environment:checking '/home/samirnoori/ros2_ws/install/obstacle_detection/lib/pkgconfig/obstacle_detection.pc'
[1.103s] Level 1:colcon.colcon_core.environment:checking '/home/samirnoori/ros2_ws/install/obstacle_detection/lib/python3.12/site-packages'
[1.103s] Level 1:colcon.colcon_core.shell:create_environment_hook('obstacle_detection', 'pythonpath')
[1.103s] INFO:colcon.colcon_core.shell:Creating environment descriptor '/home/samirnoori/ros2_ws/install/obstacle_detection/share/obstacle_detection/hook/pythonpath.dsv'
[1.103s] INFO:colcon.colcon_core.shell:Creating environment hook '/home/samirnoori/ros2_ws/install/obstacle_detection/share/obstacle_detection/hook/pythonpath.sh'
[1.104s] Level 1:colcon.colcon_core.environment:checking '/home/samirnoori/ros2_ws/install/obstacle_detection/bin'
[1.104s] INFO:colcon.colcon_core.shell:Creating package descriptor '/home/samirnoori/ros2_ws/install/obstacle_detection/share/obstacle_detection/package.dsv'
[1.104s] INFO:colcon.colcon_core.shell:Creating package script '/home/samirnoori/ros2_ws/install/obstacle_detection/share/obstacle_detection/package.sh'
[1.104s] INFO:colcon.colcon_core.shell:Creating package script '/home/samirnoori/ros2_ws/install/obstacle_detection/share/obstacle_detection/package.bash'
[1.104s] INFO:colcon.colcon_core.shell:Creating package script '/home/samirnoori/ros2_ws/install/obstacle_detection/share/obstacle_detection/package.zsh'
[1.104s] Level 1:colcon.colcon_core.environment:create_file_with_runtime_dependencies(/home/samirnoori/ros2_ws/install/obstacle_detection/share/colcon-core/packages/obstacle_detection)
[1.105s] DEBUG:colcon.colcon_parallel_executor.executor.parallel:closing loop
[1.105s] DEBUG:colcon.colcon_parallel_executor.executor.parallel:loop closed
[1.105s] DEBUG:colcon.colcon_parallel_executor.executor.parallel:run_until_complete finished with '0'
[1.105s] DEBUG:colcon.colcon_core.event_reactor:joining thread
[1.107s] INFO:colcon.colcon_core.plugin_system:Skipping extension 'colcon_notification.desktop_notification.terminal_notifier': Not used on non-Darwin systems
[1.107s] INFO:colcon.colcon_core.plugin_system:Skipping extension 'colcon_notification.desktop_notification.win32': Not used on non-Windows systems
[1.107s] INFO:colcon.colcon_notification.desktop_notification:Sending desktop notification using 'notify2'
[1.115s] DEBUG:colcon.colcon_core.event_reactor:joined thread
[1.115s] INFO:colcon.colcon_core.shell:Creating prefix script '/home/samirnoori/ros2_ws/install/local_setup.sh'
[1.116s] INFO:colcon.colcon_core.shell:Creating prefix util module '/home/samirnoori/ros2_ws/install/_local_setup_util_sh.py'
[1.116s] INFO:colcon.colcon_core.shell:Creating prefix chain script '/home/samirnoori/ros2_ws/install/setup.sh'
[1.117s] INFO:colcon.colcon_core.shell:Creating prefix script '/home/samirnoori/ros2_ws/install/local_setup.bash'
[1.117s] INFO:colcon.colcon_core.shell:Creating prefix chain script '/home/samirnoori/ros2_ws/install/setup.bash'
[1.117s] INFO:colcon.colcon_core.shell:Creating prefix script '/home/samirnoori/ros2_ws/install/local_setup.zsh'
[1.117s] INFO:colcon.colcon_core.shell:Creating prefix chain script '/home/samirnoori/ros2_ws/install/setup.zsh'
