-- The C compiler identification is GNU 13.3.0
-- The CXX compiler identification is GNU 13.3.0
-- Detecting C compiler ABI info
-- Detecting C compiler ABI info - done
-- Check for working C compiler: /usr/bin/cc - skipped
-- Detecting C compile features
-- Detecting C compile features - done
-- Detecting CXX compiler ABI info
-- Detecting CXX compiler ABI info - done
-- Check for working CXX compiler: /usr/bin/c++ - skipped
-- Detecting CXX compile features
-- Detecting CXX compile features - done
-- Found ament_cmake: 2.5.6 (/opt/ros/jazzy/share/ament_cmake/cmake)
-- Found Python3: /usr/bin/python3 (found version "3.12.3") found components: Interpreter 
-- Found rclcpp: 28.1.18 (/opt/ros/jazzy/share/rclcpp/cmake)
-- Found rosidl_generator_c: 4.6.7 (/opt/ros/jazzy/share/rosidl_generator_c/cmake)
-- Found rosidl_generator_cpp: 4.6.7 (/opt/ros/jazzy/share/rosidl_generator_cpp/cmake)
-- Using all available rosidl_typesupport_c: rosidl_typesupport_fastrtps_c;rosidl_typesupport_introspection_c
-- Using all available rosidl_typesupport_cpp: rosidl_typesupport_fastrtps_cpp;rosidl_typesupport_introspection_cpp
-- Found rmw_implementation_cmake: 7.3.3 (/opt/ros/jazzy/share/rmw_implementation_cmake/cmake)
-- Found rmw_fastrtps_cpp: 8.4.3 (/opt/ros/jazzy/share/rmw_fastrtps_cpp/cmake)
-- Found OpenSSL: /usr/lib/x86_64-linux-gnu/libcrypto.so (found version "3.0.13")  
-- Found FastRTPS: /opt/ros/jazzy/include (Required is at least version "2.13") 
-- Using RMW implementation 'rmw_fastrtps_cpp' as default
-- Found rclpy: 7.1.11 (/opt/ros/jazzy/share/rclpy/cmake)
-- Found geometry_msgs: 5.3.7 (/opt/ros/jazzy/share/geometry_msgs/cmake)
-- Found nav_msgs: 5.3.7 (/opt/ros/jazzy/share/nav_msgs/cmake)
-- Found sensor_msgs: 5.3.7 (/opt/ros/jazzy/share/sensor_msgs/cmake)
-- Found visualization_msgs: 5.3.7 (/opt/ros/jazzy/share/visualization_msgs/cmake)
-- Configuring done (0.8s)
-- Generating done (0.0s)
-- Build files have been written to: /home/samirnoori/ros2_ws/build/obstacle_detection
Built target ament_cmake_python_copy_obstacle_detection
running egg_info
creating obstacle_detection.egg-info
writing obstacle_detection.egg-info/PKG-INFO
writing dependency_links to obstacle_detection.egg-info/dependency_links.txt
writing top-level names to obstacle_detection.egg-info/top_level.txt
writing manifest file 'obstacle_detection.egg-info/SOURCES.txt'
reading manifest file 'obstacle_detection.egg-info/SOURCES.txt'
writing manifest file 'obstacle_detection.egg-info/SOURCES.txt'
Built target ament_cmake_python_build_obstacle_detection_egg
-- Install configuration: ""
-- Installing: /home/samirnoori/ros2_ws/install/obstacle_detection/share/obstacle_detection/environment/pythonpath.sh
-- Installing: /home/samirnoori/ros2_ws/install/obstacle_detection/share/obstacle_detection/environment/pythonpath.dsv
-- Installing: /home/samirnoori/ros2_ws/install/obstacle_detection/lib/python3.12/site-packages/obstacle_detection-0.0.1-py3.12.egg-info
-- Installing: /home/samirnoori/ros2_ws/install/obstacle_detection/lib/python3.12/site-packages/obstacle_detection-0.0.1-py3.12.egg-info/top_level.txt
-- Installing: /home/samirnoori/ros2_ws/install/obstacle_detection/lib/python3.12/site-packages/obstacle_detection-0.0.1-py3.12.egg-info/dependency_links.txt
-- Installing: /home/samirnoori/ros2_ws/install/obstacle_detection/lib/python3.12/site-packages/obstacle_detection-0.0.1-py3.12.egg-info/PKG-INFO
-- Installing: /home/samirnoori/ros2_ws/install/obstacle_detection/lib/python3.12/site-packages/obstacle_detection-0.0.1-py3.12.egg-info/SOURCES.txt
-- Installing: /home/samirnoori/ros2_ws/install/obstacle_detection/lib/python3.12/site-packages/obstacle_detection
-- Installing: /home/samirnoori/ros2_ws/install/obstacle_detection/lib/python3.12/site-packages/obstacle_detection/lidar_visualizer.py
-- Installing: /home/samirnoori/ros2_ws/install/obstacle_detection/lib/python3.12/site-packages/obstacle_detection/__init__.py
-- Installing: /home/samirnoori/ros2_ws/install/obstacle_detection/lib/python3.12/site-packages/obstacle_detection/obstacle_detection.py
Listing '/home/samirnoori/ros2_ws/install/obstacle_detection/lib/python3.12/site-packages/obstacle_detection'...
Compiling '/home/samirnoori/ros2_ws/install/obstacle_detection/lib/python3.12/site-packages/obstacle_detection/__init__.py'...
Compiling '/home/samirnoori/ros2_ws/install/obstacle_detection/lib/python3.12/site-packages/obstacle_detection/lidar_visualizer.py'...
Compiling '/home/samirnoori/ros2_ws/install/obstacle_detection/lib/python3.12/site-packages/obstacle_detection/obstacle_detection.py'...
-- Installing: /home/samirnoori/ros2_ws/install/obstacle_detection/lib/obstacle_detection/obstacle_detection.py
-- Installing: /home/samirnoori/ros2_ws/install/obstacle_detection/lib/obstacle_detection/lidar_visualizer.py
-- Installing: /home/samirnoori/ros2_ws/install/obstacle_detection/share/obstacle_detection/launch
-- Installing: /home/samirnoori/ros2_ws/install/obstacle_detection/share/obstacle_detection/launch/obstacle_detection.launch.py
-- Installing: /home/samirnoori/ros2_ws/install/obstacle_detection/share/ament_index/resource_index/package_run_dependencies/obstacle_detection
-- Installing: /home/samirnoori/ros2_ws/install/obstacle_detection/share/ament_index/resource_index/parent_prefix_path/obstacle_detection
-- Installing: /home/samirnoori/ros2_ws/install/obstacle_detection/share/obstacle_detection/environment/ament_prefix_path.sh
-- Installing: /home/samirnoori/ros2_ws/install/obstacle_detection/share/obstacle_detection/environment/ament_prefix_path.dsv
-- Installing: /home/samirnoori/ros2_ws/install/obstacle_detection/share/obstacle_detection/environment/path.sh
-- Installing: /home/samirnoori/ros2_ws/install/obstacle_detection/share/obstacle_detection/environment/path.dsv
-- Installing: /home/samirnoori/ros2_ws/install/obstacle_detection/share/obstacle_detection/local_setup.bash
-- Installing: /home/samirnoori/ros2_ws/install/obstacle_detection/share/obstacle_detection/local_setup.sh
-- Installing: /home/samirnoori/ros2_ws/install/obstacle_detection/share/obstacle_detection/local_setup.zsh
-- Installing: /home/samirnoori/ros2_ws/install/obstacle_detection/share/obstacle_detection/local_setup.dsv
-- Installing: /home/samirnoori/ros2_ws/install/obstacle_detection/share/obstacle_detection/package.dsv
-- Installing: /home/samirnoori/ros2_ws/install/obstacle_detection/share/ament_index/resource_index/packages/obstacle_detection
-- Installing: /home/samirnoori/ros2_ws/install/obstacle_detection/share/obstacle_detection/cmake/obstacle_detectionConfig.cmake
-- Installing: /home/samirnoori/ros2_ws/install/obstacle_detection/share/obstacle_detection/cmake/obstacle_detectionConfig-version.cmake
-- Installing: /home/samirnoori/ros2_ws/install/obstacle_detection/share/obstacle_detection/package.xml
