[0.005s] Invoking command in '/home/samirnoori/ros2_ws/build/obstacle_detection': CMAKE_PREFIX_PATH=${CMAKE_PREFIX_PATH}:/opt/ros/jazzy DEBUGINFOD_URLS=https://debuginfod.ubuntu.com /usr/bin/cmake /home/samirnoori/ros2_ws/labbar/lab2/src/obstacle_detection -DCMAKE_INSTALL_PREFIX=/home/samirnoori/ros2_ws/install/obstacle_detection
[0.047s] -- The C compiler identification is GNU 13.3.0
[0.089s] -- The CXX compiler identification is GNU 13.3.0
[0.098s] -- Detecting C compiler ABI info
[0.151s] -- Detecting C compiler ABI info - done
[0.156s] -- Check for working C compiler: /usr/bin/cc - skipped
[0.156s] -- Detecting C compile features
[0.156s] -- Detecting C compile features - done
[0.162s] -- Detecting CXX compiler ABI info
[0.220s] -- Detecting CXX compiler ABI info - done
[0.225s] -- Check for working CXX compiler: /usr/bin/c++ - skipped
[0.225s] -- Detecting CXX compile features
[0.226s] -- Detecting CXX compile features - done
[0.227s] -- Found ament_cmake: 2.5.6 (/opt/ros/jazzy/share/ament_cmake/cmake)
[0.314s] -- Found Python3: /usr/bin/python3 (found version "3.12.3") found components: Interpreter 
[0.374s] -- Found rclcpp: 28.1.18 (/opt/ros/jazzy/share/rclcpp/cmake)
[0.397s] -- Found rosidl_generator_c: 4.6.7 (/opt/ros/jazzy/share/rosidl_generator_c/cmake)
[0.403s] -- Found rosidl_generator_cpp: 4.6.7 (/opt/ros/jazzy/share/rosidl_generator_cpp/cmake)
[0.411s] -- Using all available rosidl_typesupport_c: rosidl_typesupport_fastrtps_c;rosidl_typesupport_introspection_c
[0.420s] -- Using all available rosidl_typesupport_cpp: rosidl_typesupport_fastrtps_cpp;rosidl_typesupport_introspection_cpp
[0.460s] -- Found rmw_implementation_cmake: 7.3.3 (/opt/ros/jazzy/share/rmw_implementation_cmake/cmake)
[0.462s] -- Found rmw_fastrtps_cpp: 8.4.3 (/opt/ros/jazzy/share/rmw_fastrtps_cpp/cmake)
[0.507s] -- Found OpenSSL: /usr/lib/x86_64-linux-gnu/libcrypto.so (found version "3.0.13")  
[0.523s] -- Found FastRTPS: /opt/ros/jazzy/include (Required is at least version "2.13") 
[0.541s] -- Using RMW implementation 'rmw_fastrtps_cpp' as default
[0.583s] -- Found rclpy: 7.1.11 (/opt/ros/jazzy/share/rclpy/cmake)
[0.584s] -- Found geometry_msgs: 5.3.7 (/opt/ros/jazzy/share/geometry_msgs/cmake)
[0.602s] -- Found nav_msgs: 5.3.7 (/opt/ros/jazzy/share/nav_msgs/cmake)
[0.617s] -- Found sensor_msgs: 5.3.7 (/opt/ros/jazzy/share/sensor_msgs/cmake)
[0.632s] -- Found visualization_msgs: 5.3.7 (/opt/ros/jazzy/share/visualization_msgs/cmake)
[0.764s] -- Configuring done (0.8s)
[0.766s] -- Generating done (0.0s)
[0.768s] -- Build files have been written to: /home/samirnoori/ros2_ws/build/obstacle_detection
[0.773s] Invoked command in '/home/samirnoori/ros2_ws/build/obstacle_detection' returned '0': CMAKE_PREFIX_PATH=${CMAKE_PREFIX_PATH}:/opt/ros/jazzy DEBUGINFOD_URLS=https://debuginfod.ubuntu.com /usr/bin/cmake /home/samirnoori/ros2_ws/labbar/lab2/src/obstacle_detection -DCMAKE_INSTALL_PREFIX=/home/samirnoori/ros2_ws/install/obstacle_detection
[0.774s] Invoking command in '/home/samirnoori/ros2_ws/build/obstacle_detection': CMAKE_PREFIX_PATH=${CMAKE_PREFIX_PATH}:/opt/ros/jazzy DEBUGINFOD_URLS=https://debuginfod.ubuntu.com /usr/bin/cmake --build /home/samirnoori/ros2_ws/build/obstacle_detection -- -j24 -l24
[0.806s] Built target ament_cmake_python_copy_obstacle_detection
[0.910s] running egg_info
[0.910s] creating obstacle_detection.egg-info
[0.918s] writing obstacle_detection.egg-info/PKG-INFO
[0.918s] writing dependency_links to obstacle_detection.egg-info/dependency_links.txt
[0.918s] writing top-level names to obstacle_detection.egg-info/top_level.txt
[0.918s] writing manifest file 'obstacle_detection.egg-info/SOURCES.txt'
[0.942s] reading manifest file 'obstacle_detection.egg-info/SOURCES.txt'
[0.942s] writing manifest file 'obstacle_detection.egg-info/SOURCES.txt'
[0.957s] Built target ament_cmake_python_build_obstacle_detection_egg
[0.967s] Invoked command in '/home/samirnoori/ros2_ws/build/obstacle_detection' returned '0': CMAKE_PREFIX_PATH=${CMAKE_PREFIX_PATH}:/opt/ros/jazzy DEBUGINFOD_URLS=https://debuginfod.ubuntu.com /usr/bin/cmake --build /home/samirnoori/ros2_ws/build/obstacle_detection -- -j24 -l24
[0.969s] Invoking command in '/home/samirnoori/ros2_ws/build/obstacle_detection': CMAKE_PREFIX_PATH=${CMAKE_PREFIX_PATH}:/opt/ros/jazzy DEBUGINFOD_URLS=https://debuginfod.ubuntu.com /usr/bin/cmake --install /home/samirnoori/ros2_ws/build/obstacle_detection
[0.973s] -- Install configuration: ""
[0.973s] -- Installing: /home/samirnoori/ros2_ws/install/obstacle_detection/share/obstacle_detection/environment/pythonpath.sh
[0.973s] -- Installing: /home/samirnoori/ros2_ws/install/obstacle_detection/share/obstacle_detection/environment/pythonpath.dsv
[0.973s] -- Installing: /home/samirnoori/ros2_ws/install/obstacle_detection/lib/python3.12/site-packages/obstacle_detection-0.0.1-py3.12.egg-info
[0.974s] -- Installing: /home/samirnoori/ros2_ws/install/obstacle_detection/lib/python3.12/site-packages/obstacle_detection-0.0.1-py3.12.egg-info/top_level.txt
[0.974s] -- Installing: /home/samirnoori/ros2_ws/install/obstacle_detection/lib/python3.12/site-packages/obstacle_detection-0.0.1-py3.12.egg-info/dependency_links.txt
[0.974s] -- Installing: /home/samirnoori/ros2_ws/install/obstacle_detection/lib/python3.12/site-packages/obstacle_detection-0.0.1-py3.12.egg-info/PKG-INFO
[0.974s] -- Installing: /home/samirnoori/ros2_ws/install/obstacle_detection/lib/python3.12/site-packages/obstacle_detection-0.0.1-py3.12.egg-info/SOURCES.txt
[0.974s] -- Installing: /home/samirnoori/ros2_ws/install/obstacle_detection/lib/python3.12/site-packages/obstacle_detection
[0.974s] -- Installing: /home/samirnoori/ros2_ws/install/obstacle_detection/lib/python3.12/site-packages/obstacle_detection/lidar_visualizer.py
[0.974s] -- Installing: /home/samirnoori/ros2_ws/install/obstacle_detection/lib/python3.12/site-packages/obstacle_detection/__init__.py
[0.974s] -- Installing: /home/samirnoori/ros2_ws/install/obstacle_detection/lib/python3.12/site-packages/obstacle_detection/obstacle_detection.py
[0.995s] Listing '/home/samirnoori/ros2_ws/install/obstacle_detection/lib/python3.12/site-packages/obstacle_detection'...
[0.995s] Compiling '/home/samirnoori/ros2_ws/install/obstacle_detection/lib/python3.12/site-packages/obstacle_detection/__init__.py'...
[0.996s] Compiling '/home/samirnoori/ros2_ws/install/obstacle_detection/lib/python3.12/site-packages/obstacle_detection/lidar_visualizer.py'...
[0.996s] Compiling '/home/samirnoori/ros2_ws/install/obstacle_detection/lib/python3.12/site-packages/obstacle_detection/obstacle_detection.py'...
[0.998s] -- Installing: /home/samirnoori/ros2_ws/install/obstacle_detection/lib/obstacle_detection/obstacle_detection.py
[0.998s] -- Installing: /home/samirnoori/ros2_ws/install/obstacle_detection/lib/obstacle_detection/lidar_visualizer.py
[0.999s] -- Installing: /home/samirnoori/ros2_ws/install/obstacle_detection/share/obstacle_detection/launch
[0.999s] -- Installing: /home/samirnoori/ros2_ws/install/obstacle_detection/share/obstacle_detection/launch/obstacle_detection.launch.py
[0.999s] -- Installing: /home/samirnoori/ros2_ws/install/obstacle_detection/share/ament_index/resource_index/package_run_dependencies/obstacle_detection
[0.999s] -- Installing: /home/samirnoori/ros2_ws/install/obstacle_detection/share/ament_index/resource_index/parent_prefix_path/obstacle_detection
[0.999s] -- Installing: /home/samirnoori/ros2_ws/install/obstacle_detection/share/obstacle_detection/environment/ament_prefix_path.sh
[0.999s] -- Installing: /home/samirnoori/ros2_ws/install/obstacle_detection/share/obstacle_detection/environment/ament_prefix_path.dsv
[0.999s] -- Installing: /home/samirnoori/ros2_ws/install/obstacle_detection/share/obstacle_detection/environment/path.sh
[0.999s] -- Installing: /home/samirnoori/ros2_ws/install/obstacle_detection/share/obstacle_detection/environment/path.dsv
[0.999s] -- Installing: /home/samirnoori/ros2_ws/install/obstacle_detection/share/obstacle_detection/local_setup.bash
[0.999s] -- Installing: /home/samirnoori/ros2_ws/install/obstacle_detection/share/obstacle_detection/local_setup.sh
[0.999s] -- Installing: /home/samirnoori/ros2_ws/install/obstacle_detection/share/obstacle_detection/local_setup.zsh
[0.999s] -- Installing: /home/samirnoori/ros2_ws/install/obstacle_detection/share/obstacle_detection/local_setup.dsv
[0.999s] -- Installing: /home/samirnoori/ros2_ws/install/obstacle_detection/share/obstacle_detection/package.dsv
[0.999s] -- Installing: /home/samirnoori/ros2_ws/install/obstacle_detection/share/ament_index/resource_index/packages/obstacle_detection
[0.999s] -- Installing: /home/samirnoori/ros2_ws/install/obstacle_detection/share/obstacle_detection/cmake/obstacle_detectionConfig.cmake
[0.999s] -- Installing: /home/samirnoori/ros2_ws/install/obstacle_detection/share/obstacle_detection/cmake/obstacle_detectionConfig-version.cmake
[0.999s] -- Installing: /home/samirnoori/ros2_ws/install/obstacle_detection/share/obstacle_detection/package.xml
[1.000s] Invoked command in '/home/samirnoori/ros2_ws/build/obstacle_detection' returned '0': CMAKE_PREFIX_PATH=${CMAKE_PREFIX_PATH}:/opt/ros/jazzy DEBUGINFOD_URLS=https://debuginfod.ubuntu.com /usr/bin/cmake --install /home/samirnoori/ros2_ws/build/obstacle_detection
