Built target ament_cmake_python_copy_obstacle_detection
running egg_info
writing obstacle_detection.egg-info/PKG-INFO
writing dependency_links to obstacle_detection.egg-info/dependency_links.txt
writing top-level names to obstacle_detection.egg-info/top_level.txt
reading manifest file 'obstacle_detection.egg-info/SOURCES.txt'
writing manifest file 'obstacle_detection.egg-info/SOURCES.txt'
Built target ament_cmake_python_build_obstacle_detection_egg
-- Install configuration: ""
-- Up-to-date: /home/samirnoori/ros2_ws/install/obstacle_detection/share/obstacle_detection/environment/pythonpath.sh
-- Up-to-date: /home/samirnoori/ros2_ws/install/obstacle_detection/share/obstacle_detection/environment/pythonpath.dsv
-- Up-to-date: /home/samirnoori/ros2_ws/install/obstacle_detection/lib/python3.12/site-packages/obstacle_detection-0.0.1-py3.12.egg-info
-- Installing: /home/samirnoori/ros2_ws/install/obstacle_detection/lib/python3.12/site-packages/obstacle_detection-0.0.1-py3.12.egg-info/top_level.txt
-- Installing: /home/samirnoori/ros2_ws/install/obstacle_detection/lib/python3.12/site-packages/obstacle_detection-0.0.1-py3.12.egg-info/dependency_links.txt
-- Installing: /home/samirnoori/ros2_ws/install/obstacle_detection/lib/python3.12/site-packages/obstacle_detection-0.0.1-py3.12.egg-info/PKG-INFO
-- Installing: /home/samirnoori/ros2_ws/install/obstacle_detection/lib/python3.12/site-packages/obstacle_detection-0.0.1-py3.12.egg-info/SOURCES.txt
-- Up-to-date: /home/samirnoori/ros2_ws/install/obstacle_detection/lib/python3.12/site-packages/obstacle_detection
-- Up-to-date: /home/samirnoori/ros2_ws/install/obstacle_detection/lib/python3.12/site-packages/obstacle_detection/lidar_visualizer.py
-- Up-to-date: /home/samirnoori/ros2_ws/install/obstacle_detection/lib/python3.12/site-packages/obstacle_detection/__init__.py
-- Up-to-date: /home/samirnoori/ros2_ws/install/obstacle_detection/lib/python3.12/site-packages/obstacle_detection/obstacle_detection.py
Listing '/home/samirnoori/ros2_ws/install/obstacle_detection/lib/python3.12/site-packages/obstacle_detection'...
-- Up-to-date: /home/samirnoori/ros2_ws/install/obstacle_detection/lib/obstacle_detection/obstacle_detection.py
-- Up-to-date: /home/samirnoori/ros2_ws/install/obstacle_detection/lib/obstacle_detection/lidar_visualizer.py
-- Up-to-date: /home/samirnoori/ros2_ws/install/obstacle_detection/share/obstacle_detection/launch
-- Up-to-date: /home/samirnoori/ros2_ws/install/obstacle_detection/share/obstacle_detection/launch/obstacle_detection.launch.py
-- Up-to-date: /home/samirnoori/ros2_ws/install/obstacle_detection/share/ament_index/resource_index/package_run_dependencies/obstacle_detection
-- Up-to-date: /home/samirnoori/ros2_ws/install/obstacle_detection/share/ament_index/resource_index/parent_prefix_path/obstacle_detection
-- Up-to-date: /home/samirnoori/ros2_ws/install/obstacle_detection/share/obstacle_detection/environment/ament_prefix_path.sh
-- Up-to-date: /home/samirnoori/ros2_ws/install/obstacle_detection/share/obstacle_detection/environment/ament_prefix_path.dsv
-- Up-to-date: /home/samirnoori/ros2_ws/install/obstacle_detection/share/obstacle_detection/environment/path.sh
-- Up-to-date: /home/samirnoori/ros2_ws/install/obstacle_detection/share/obstacle_detection/environment/path.dsv
-- Up-to-date: /home/samirnoori/ros2_ws/install/obstacle_detection/share/obstacle_detection/local_setup.bash
-- Up-to-date: /home/samirnoori/ros2_ws/install/obstacle_detection/share/obstacle_detection/local_setup.sh
-- Up-to-date: /home/samirnoori/ros2_ws/install/obstacle_detection/share/obstacle_detection/local_setup.zsh
-- Up-to-date: /home/samirnoori/ros2_ws/install/obstacle_detection/share/obstacle_detection/local_setup.dsv
-- Installing: /home/samirnoori/ros2_ws/install/obstacle_detection/share/obstacle_detection/package.dsv
-- Up-to-date: /home/samirnoori/ros2_ws/install/obstacle_detection/share/ament_index/resource_index/packages/obstacle_detection
-- Up-to-date: /home/samirnoori/ros2_ws/install/obstacle_detection/share/obstacle_detection/cmake/obstacle_detectionConfig.cmake
-- Up-to-date: /home/samirnoori/ros2_ws/install/obstacle_detection/share/obstacle_detection/cmake/obstacle_detectionConfig-version.cmake
-- Up-to-date: /home/samirnoori/ros2_ws/install/obstacle_detection/share/obstacle_detection/package.xml
