-- Install configuration: ""
-- Up-to-date: /home/samirnoori/ros2_ws/install/bringup/share/bringup//launch
-- Up-to-date: /home/samirnoori/ros2_ws/install/bringup/share/bringup//launch/slam_launch.py
-- Up-to-date: /home/samirnoori/ros2_ws/install/bringup/share/bringup//launch/rviz_launch.py
-- Up-to-date: /home/samirnoori/ros2_ws/install/bringup/share/bringup//launch/main.launch.py
-- Up-to-date: /home/samirnoori/ros2_ws/install/bringup/share/bringup//launch/bringup_launch.py
-- Up-to-date: /home/samirnoori/ros2_ws/install/bringup/share/bringup//launch/navigation_launch.py
-- Up-to-date: /home/samirnoori/ros2_ws/install/bringup/share/bringup//launch/localization_launch.py
-- Up-to-date: /home/samirnoori/ros2_ws/install/bringup/share/bringup//models
-- Up-to-date: /home/samirnoori/ros2_ws/install/bringup/share/bringup//models/turtlebot3_burger_cam
-- Up-to-date: /home/samirnoori/ros2_ws/install/bringup/share/bringup//models/turtlebot3_burger_cam/model.config
-- Up-to-date: /home/samirnoori/ros2_ws/install/bringup/share/bringup//models/turtlebot3_burger_cam/model.sdf
-- Up-to-date: /home/samirnoori/ros2_ws/install/bringup/share/bringup//models/turtlebot3_burger_cam/model-1_4.sdf
-- Up-to-date: /home/samirnoori/ros2_ws/install/bringup/share/bringup//models/turtlebot3_world
-- Up-to-date: /home/samirnoori/ros2_ws/install/bringup/share/bringup//models/turtlebot3_world/meshes
-- Up-to-date: /home/samirnoori/ros2_ws/install/bringup/share/bringup//models/turtlebot3_world/meshes/wall.dae
-- Up-to-date: /home/samirnoori/ros2_ws/install/bringup/share/bringup//models/turtlebot3_world/meshes/hexagon.dae
-- Up-to-date: /home/samirnoori/ros2_ws/install/bringup/share/bringup//models/turtlebot3_world/model.config
-- Up-to-date: /home/samirnoori/ros2_ws/install/bringup/share/bringup//models/turtlebot3_world/model.sdf
-- Up-to-date: /home/samirnoori/ros2_ws/install/bringup/share/bringup//models/turtlebot3_world/model-1_4.sdf
-- Up-to-date: /home/samirnoori/ros2_ws/install/bringup/share/bringup//models/turtlebot3_waffle_pi
-- Up-to-date: /home/samirnoori/ros2_ws/install/bringup/share/bringup//models/turtlebot3_waffle_pi/model.config
-- Up-to-date: /home/samirnoori/ros2_ws/install/bringup/share/bringup//models/turtlebot3_waffle_pi/model.sdf
-- Up-to-date: /home/samirnoori/ros2_ws/install/bringup/share/bringup//models/turtlebot3_waffle_pi/model-1_4_.sdf
-- Up-to-date: /home/samirnoori/ros2_ws/install/bringup/share/bringup//models/turtlebot3_common
-- Up-to-date: /home/samirnoori/ros2_ws/install/bringup/share/bringup//models/turtlebot3_common/meshes
-- Up-to-date: /home/samirnoori/ros2_ws/install/bringup/share/bringup//models/turtlebot3_common/meshes/wheels
-- Up-to-date: /home/samirnoori/ros2_ws/install/bringup/share/bringup//models/turtlebot3_common/meshes/wheels/right_tire.stl
-- Up-to-date: /home/samirnoori/ros2_ws/install/bringup/share/bringup//models/turtlebot3_common/meshes/wheels/left_tire.stl
-- Up-to-date: /home/samirnoori/ros2_ws/install/bringup/share/bringup//models/turtlebot3_common/meshes/burger_base.dae
-- Up-to-date: /home/samirnoori/ros2_ws/install/bringup/share/bringup//models/turtlebot3_common/meshes/lds.dae
-- Up-to-date: /home/samirnoori/ros2_ws/install/bringup/share/bringup//models/turtlebot3_common/meshes/waffle_pi_base.dae
-- Up-to-date: /home/samirnoori/ros2_ws/install/bringup/share/bringup//models/turtlebot3_common/meshes/sensors
-- Up-to-date: /home/samirnoori/ros2_ws/install/bringup/share/bringup//models/turtlebot3_common/meshes/sensors/astra.dae
-- Up-to-date: /home/samirnoori/ros2_ws/install/bringup/share/bringup//models/turtlebot3_common/meshes/sensors/r200.jpg
-- Up-to-date: /home/samirnoori/ros2_ws/install/bringup/share/bringup//models/turtlebot3_common/meshes/sensors/lds.stl
-- Up-to-date: /home/samirnoori/ros2_ws/install/bringup/share/bringup//models/turtlebot3_common/meshes/sensors/astra.jpg
-- Up-to-date: /home/samirnoori/ros2_ws/install/bringup/share/bringup//models/turtlebot3_common/meshes/sensors/r200.dae
-- Up-to-date: /home/samirnoori/ros2_ws/install/bringup/share/bringup//models/turtlebot3_common/meshes/r200.dae
-- Up-to-date: /home/samirnoori/ros2_ws/install/bringup/share/bringup//models/turtlebot3_common/meshes/bases
-- Up-to-date: /home/samirnoori/ros2_ws/install/bringup/share/bringup//models/turtlebot3_common/meshes/bases/waffle_base.stl
-- Up-to-date: /home/samirnoori/ros2_ws/install/bringup/share/bringup//models/turtlebot3_common/meshes/bases/waffle_pi_base.stl
-- Up-to-date: /home/samirnoori/ros2_ws/install/bringup/share/bringup//models/turtlebot3_common/meshes/bases/burger_base.stl
-- Up-to-date: /home/samirnoori/ros2_ws/install/bringup/share/bringup//models/turtlebot3_common/meshes/waffle_base.dae
-- Up-to-date: /home/samirnoori/ros2_ws/install/bringup/share/bringup//models/turtlebot3_common/meshes/tire.dae
-- Up-to-date: /home/samirnoori/ros2_ws/install/bringup/share/bringup//models/turtlebot3_common/model.config
-- Up-to-date: /home/samirnoori/ros2_ws/install/bringup/share/bringup//models/turtlebot3_waffle
-- Up-to-date: /home/samirnoori/ros2_ws/install/bringup/share/bringup//models/turtlebot3_waffle/meshes
-- Up-to-date: /home/samirnoori/ros2_ws/install/bringup/share/bringup//models/turtlebot3_waffle/meshes/lds.dae
-- Up-to-date: /home/samirnoori/ros2_ws/install/bringup/share/bringup//models/turtlebot3_waffle/meshes/r200.dae
-- Up-to-date: /home/samirnoori/ros2_ws/install/bringup/share/bringup//models/turtlebot3_waffle/meshes/waffle_base.dae
-- Up-to-date: /home/samirnoori/ros2_ws/install/bringup/share/bringup//models/turtlebot3_waffle/meshes/tire.dae
-- Up-to-date: /home/samirnoori/ros2_ws/install/bringup/share/bringup//models/turtlebot3_waffle/model_nocamera.sdf
-- Up-to-date: /home/samirnoori/ros2_ws/install/bringup/share/bringup//models/turtlebot3_waffle/model.config
-- Up-to-date: /home/samirnoori/ros2_ws/install/bringup/share/bringup//models/turtlebot3_waffle/model.sdf
-- Up-to-date: /home/samirnoori/ros2_ws/install/bringup/share/bringup//models/turtlebot3_waffle/model-1_4.sdf
-- Up-to-date: /home/samirnoori/ros2_ws/install/bringup/share/bringup//models/turtlebot3_house
-- Up-to-date: /home/samirnoori/ros2_ws/install/bringup/share/bringup//models/turtlebot3_house/model.config
-- Up-to-date: /home/samirnoori/ros2_ws/install/bringup/share/bringup//models/turtlebot3_house/model.sdf
-- Up-to-date: /home/samirnoori/ros2_ws/install/bringup/share/bringup//models/turtlebot3_burger
-- Up-to-date: /home/samirnoori/ros2_ws/install/bringup/share/bringup//models/turtlebot3_burger/meshes
-- Up-to-date: /home/samirnoori/ros2_ws/install/bringup/share/bringup//models/turtlebot3_burger/meshes/burger_base.dae
-- Up-to-date: /home/samirnoori/ros2_ws/install/bringup/share/bringup//models/turtlebot3_burger/meshes/lds.dae
-- Up-to-date: /home/samirnoori/ros2_ws/install/bringup/share/bringup//models/turtlebot3_burger/meshes/tire.dae
-- Up-to-date: /home/samirnoori/ros2_ws/install/bringup/share/bringup//models/turtlebot3_burger/model.config
-- Up-to-date: /home/samirnoori/ros2_ws/install/bringup/share/bringup//models/turtlebot3_burger/model.sdf
-- Up-to-date: /home/samirnoori/ros2_ws/install/bringup/share/bringup//models/turtlebot3_burger/model-1_4.sdf
-- Up-to-date: /home/samirnoori/ros2_ws/install/bringup/share/bringup//rviz
-- Up-to-date: /home/samirnoori/ros2_ws/install/bringup/share/bringup//rviz/nav2_default_view.rviz
-- Up-to-date: /home/samirnoori/ros2_ws/install/bringup/share/bringup//urdf
-- Up-to-date: /home/samirnoori/ros2_ws/install/bringup/share/bringup//urdf/turtlebot3_burger.urdf
-- Up-to-date: /home/samirnoori/ros2_ws/install/bringup/share/bringup//urdf/turtlebot3_waffle.urdf
-- Up-to-date: /home/samirnoori/ros2_ws/install/bringup/share/bringup//urdf/common_properties.urdf
-- Up-to-date: /home/samirnoori/ros2_ws/install/bringup/share/bringup//worlds
-- Up-to-date: /home/samirnoori/ros2_ws/install/bringup/share/bringup//worlds/turtlebot3_world.world
-- Up-to-date: /home/samirnoori/ros2_ws/install/bringup/share/bringup//params
-- Up-to-date: /home/samirnoori/ros2_ws/install/bringup/share/bringup//params/turtlebot3_burger_bridge.yaml
-- Up-to-date: /home/samirnoori/ros2_ws/install/bringup/share/bringup//params/nav2_params.yaml
-- Up-to-date: /home/samirnoori/ros2_ws/install/bringup/share/bringup//maps
-- Up-to-date: /home/samirnoori/ros2_ws/install/bringup/share/bringup//maps/map.pgm
-- Up-to-date: /home/samirnoori/ros2_ws/install/bringup/share/bringup//maps/map.yaml
-- Up-to-date: /home/samirnoori/ros2_ws/install/bringup/share/bringup/environment/.gazebo.dsv
-- Up-to-date: /home/samirnoori/ros2_ws/install/bringup/share/ament_index/resource_index/package_run_dependencies/bringup
-- Up-to-date: /home/samirnoori/ros2_ws/install/bringup/share/ament_index/resource_index/parent_prefix_path/bringup
-- Up-to-date: /home/samirnoori/ros2_ws/install/bringup/share/bringup/environment/ament_prefix_path.sh
-- Up-to-date: /home/samirnoori/ros2_ws/install/bringup/share/bringup/environment/ament_prefix_path.dsv
-- Up-to-date: /home/samirnoori/ros2_ws/install/bringup/share/bringup/environment/path.sh
-- Up-to-date: /home/samirnoori/ros2_ws/install/bringup/share/bringup/environment/path.dsv
-- Up-to-date: /home/samirnoori/ros2_ws/install/bringup/share/bringup/local_setup.bash
-- Up-to-date: /home/samirnoori/ros2_ws/install/bringup/share/bringup/local_setup.sh
-- Up-to-date: /home/samirnoori/ros2_ws/install/bringup/share/bringup/local_setup.zsh
-- Up-to-date: /home/samirnoori/ros2_ws/install/bringup/share/bringup/local_setup.dsv
-- Installing: /home/samirnoori/ros2_ws/install/bringup/share/bringup/package.dsv
-- Up-to-date: /home/samirnoori/ros2_ws/install/bringup/share/ament_index/resource_index/packages/bringup
-- Up-to-date: /home/samirnoori/ros2_ws/install/bringup/share/bringup/cmake/bringupConfig.cmake
-- Up-to-date: /home/samirnoori/ros2_ws/install/bringup/share/bringup/cmake/bringupConfig-version.cmake
-- Up-to-date: /home/samirnoori/ros2_ws/install/bringup/share/bringup/package.xml
