[0.007s] Invoking command in '/home/samirnoori/ros2_ws/build/turtlesim_goal': CMAKE_PREFIX_PATH=${CMAKE_PREFIX_PATH}:/opt/ros/jazzy DEBUGINFOD_URLS=https://debuginfod.ubuntu.com /usr/bin/cmake --build /home/samirnoori/ros2_ws/build/turtlesim_goal -- -j24 -l24
[0.047s] Built target ament_cmake_python_copy_turtlesim_goal
[0.152s] running egg_info
[0.160s] writing turtlesim_goal.egg-info/PKG-INFO
[0.160s] writing dependency_links to turtlesim_goal.egg-info/dependency_links.txt
[0.160s] writing top-level names to turtlesim_goal.egg-info/top_level.txt
[0.183s] reading manifest file 'turtlesim_goal.egg-info/SOURCES.txt'
[0.184s] writing manifest file 'turtlesim_goal.egg-info/SOURCES.txt'
[0.200s] Built target ament_cmake_python_build_turtlesim_goal_egg
[0.206s] Invoked command in '/home/samirnoori/ros2_ws/build/turtlesim_goal' returned '0': CMAKE_PREFIX_PATH=${CMAKE_PREFIX_PATH}:/opt/ros/jazzy DEBUGINFOD_URLS=https://debuginfod.ubuntu.com /usr/bin/cmake --build /home/samirnoori/ros2_ws/build/turtlesim_goal -- -j24 -l24
[0.207s] Invoking command in '/home/samirnoori/ros2_ws/build/turtlesim_goal': CMAKE_PREFIX_PATH=${CMAKE_PREFIX_PATH}:/opt/ros/jazzy DEBUGINFOD_URLS=https://debuginfod.ubuntu.com /usr/bin/cmake --install /home/samirnoori/ros2_ws/build/turtlesim_goal
[0.212s] -- Install configuration: ""
[0.212s] -- Up-to-date: /home/samirnoori/ros2_ws/install/turtlesim_goal/share/turtlesim_goal/environment/pythonpath.sh
[0.212s] -- Up-to-date: /home/samirnoori/ros2_ws/install/turtlesim_goal/share/turtlesim_goal/environment/pythonpath.dsv
[0.212s] -- Up-to-date: /home/samirnoori/ros2_ws/install/turtlesim_goal/lib/python3.12/site-packages/turtlesim_goal-0.0.1-py3.12.egg-info
[0.212s] -- Installing: /home/samirnoori/ros2_ws/install/turtlesim_goal/lib/python3.12/site-packages/turtlesim_goal-0.0.1-py3.12.egg-info/top_level.txt
[0.213s] -- Installing: /home/samirnoori/ros2_ws/install/turtlesim_goal/lib/python3.12/site-packages/turtlesim_goal-0.0.1-py3.12.egg-info/dependency_links.txt
[0.213s] -- Installing: /home/samirnoori/ros2_ws/install/turtlesim_goal/lib/python3.12/site-packages/turtlesim_goal-0.0.1-py3.12.egg-info/PKG-INFO
[0.213s] -- Installing: /home/samirnoori/ros2_ws/install/turtlesim_goal/lib/python3.12/site-packages/turtlesim_goal-0.0.1-py3.12.egg-info/SOURCES.txt
[0.213s] -- Up-to-date: /home/samirnoori/ros2_ws/install/turtlesim_goal/lib/python3.12/site-packages/turtlesim_goal
[0.213s] -- Up-to-date: /home/samirnoori/ros2_ws/install/turtlesim_goal/lib/python3.12/site-packages/turtlesim_goal/waypoint_goal.py
[0.213s] -- Up-to-date: /home/samirnoori/ros2_ws/install/turtlesim_goal/lib/python3.12/site-packages/turtlesim_goal/gotogoal.py
[0.213s] -- Up-to-date: /home/samirnoori/ros2_ws/install/turtlesim_goal/lib/python3.12/site-packages/turtlesim_goal/__init__.py
[0.234s] Listing '/home/samirnoori/ros2_ws/install/turtlesim_goal/lib/python3.12/site-packages/turtlesim_goal'...
[0.238s] -- Up-to-date: /home/samirnoori/ros2_ws/install/turtlesim_goal/lib/turtlesim_goal/gotogoal.py
[0.238s] -- Up-to-date: /home/samirnoori/ros2_ws/install/turtlesim_goal/lib/turtlesim_goal/waypoint_goal.py
[0.238s] -- Up-to-date: /home/samirnoori/ros2_ws/install/turtlesim_goal/share/ament_index/resource_index/package_run_dependencies/turtlesim_goal
[0.238s] -- Up-to-date: /home/samirnoori/ros2_ws/install/turtlesim_goal/share/ament_index/resource_index/parent_prefix_path/turtlesim_goal
[0.238s] -- Up-to-date: /home/samirnoori/ros2_ws/install/turtlesim_goal/share/turtlesim_goal/environment/ament_prefix_path.sh
[0.238s] -- Up-to-date: /home/samirnoori/ros2_ws/install/turtlesim_goal/share/turtlesim_goal/environment/ament_prefix_path.dsv
[0.238s] -- Up-to-date: /home/samirnoori/ros2_ws/install/turtlesim_goal/share/turtlesim_goal/environment/path.sh
[0.238s] -- Up-to-date: /home/samirnoori/ros2_ws/install/turtlesim_goal/share/turtlesim_goal/environment/path.dsv
[0.238s] -- Up-to-date: /home/samirnoori/ros2_ws/install/turtlesim_goal/share/turtlesim_goal/local_setup.bash
[0.238s] -- Up-to-date: /home/samirnoori/ros2_ws/install/turtlesim_goal/share/turtlesim_goal/local_setup.sh
[0.238s] -- Up-to-date: /home/samirnoori/ros2_ws/install/turtlesim_goal/share/turtlesim_goal/local_setup.zsh
[0.238s] -- Up-to-date: /home/samirnoori/ros2_ws/install/turtlesim_goal/share/turtlesim_goal/local_setup.dsv
[0.238s] -- Installing: /home/samirnoori/ros2_ws/install/turtlesim_goal/share/turtlesim_goal/package.dsv
[0.238s] -- Up-to-date: /home/samirnoori/ros2_ws/install/turtlesim_goal/share/ament_index/resource_index/packages/turtlesim_goal
[0.238s] -- Up-to-date: /home/samirnoori/ros2_ws/install/turtlesim_goal/share/turtlesim_goal/cmake/turtlesim_goalConfig.cmake
[0.238s] -- Up-to-date: /home/samirnoori/ros2_ws/install/turtlesim_goal/share/turtlesim_goal/cmake/turtlesim_goalConfig-version.cmake
[0.238s] -- Up-to-date: /home/samirnoori/ros2_ws/install/turtlesim_goal/share/turtlesim_goal/package.xml
[0.245s] Invoked command in '/home/samirnoori/ros2_ws/build/turtlesim_goal' returned '0': CMAKE_PREFIX_PATH=${CMAKE_PREFIX_PATH}:/opt/ros/jazzy DEBUGINFOD_URLS=https://debuginfod.ubuntu.com /usr/bin/cmake --install /home/samirnoori/ros2_ws/build/turtlesim_goal
