[0.007s] Invoking command in '/home/samirnoori/ros2_ws/build/obstacle_detection': CMAKE_PREFIX_PATH=${CMAKE_PREFIX_PATH}:/opt/ros/jazzy DEBUGINFOD_URLS=https://debuginfod.ubuntu.com /usr/bin/cmake --build /home/samirnoori/ros2_ws/build/obstacle_detection -- -j24 -l24
[0.043s] Built target ament_cmake_python_copy_obstacle_detection
[0.146s] running egg_info
[0.155s] writing obstacle_detection.egg-info/PKG-INFO
[0.155s] writing dependency_links to obstacle_detection.egg-info/dependency_links.txt
[0.155s] writing top-level names to obstacle_detection.egg-info/top_level.txt
[0.177s] reading manifest file 'obstacle_detection.egg-info/SOURCES.txt'
[0.178s] writing manifest file 'obstacle_detection.egg-info/SOURCES.txt'
[0.194s] Built target ament_cmake_python_build_obstacle_detection_egg
[0.202s] Invoked command in '/home/samirnoori/ros2_ws/build/obstacle_detection' returned '0': CMAKE_PREFIX_PATH=${CMAKE_PREFIX_PATH}:/opt/ros/jazzy DEBUGINFOD_URLS=https://debuginfod.ubuntu.com /usr/bin/cmake --build /home/samirnoori/ros2_ws/build/obstacle_detection -- -j24 -l24
[0.202s] Invoking command in '/home/samirnoori/ros2_ws/build/obstacle_detection': CMAKE_PREFIX_PATH=${CMAKE_PREFIX_PATH}:/opt/ros/jazzy DEBUGINFOD_URLS=https://debuginfod.ubuntu.com /usr/bin/cmake --install /home/samirnoori/ros2_ws/build/obstacle_detection
[0.208s] -- Install configuration: ""
[0.208s] -- Up-to-date: /home/samirnoori/ros2_ws/install/obstacle_detection/share/obstacle_detection/environment/pythonpath.sh
[0.208s] -- Up-to-date: /home/samirnoori/ros2_ws/install/obstacle_detection/share/obstacle_detection/environment/pythonpath.dsv
[0.208s] -- Up-to-date: /home/samirnoori/ros2_ws/install/obstacle_detection/lib/python3.12/site-packages/obstacle_detection-0.0.1-py3.12.egg-info
[0.208s] -- Installing: /home/samirnoori/ros2_ws/install/obstacle_detection/lib/python3.12/site-packages/obstacle_detection-0.0.1-py3.12.egg-info/top_level.txt
[0.208s] -- Installing: /home/samirnoori/ros2_ws/install/obstacle_detection/lib/python3.12/site-packages/obstacle_detection-0.0.1-py3.12.egg-info/dependency_links.txt
[0.208s] -- Installing: /home/samirnoori/ros2_ws/install/obstacle_detection/lib/python3.12/site-packages/obstacle_detection-0.0.1-py3.12.egg-info/PKG-INFO
[0.208s] -- Installing: /home/samirnoori/ros2_ws/install/obstacle_detection/lib/python3.12/site-packages/obstacle_detection-0.0.1-py3.12.egg-info/SOURCES.txt
[0.208s] -- Up-to-date: /home/samirnoori/ros2_ws/install/obstacle_detection/lib/python3.12/site-packages/obstacle_detection
[0.208s] -- Up-to-date: /home/samirnoori/ros2_ws/install/obstacle_detection/lib/python3.12/site-packages/obstacle_detection/lidar_visualizer.py
[0.208s] -- Up-to-date: /home/samirnoori/ros2_ws/install/obstacle_detection/lib/python3.12/site-packages/obstacle_detection/__init__.py
[0.208s] -- Up-to-date: /home/samirnoori/ros2_ws/install/obstacle_detection/lib/python3.12/site-packages/obstacle_detection/obstacle_detection.py
[0.231s] Listing '/home/samirnoori/ros2_ws/install/obstacle_detection/lib/python3.12/site-packages/obstacle_detection'...
[0.232s] -- Up-to-date: /home/samirnoori/ros2_ws/install/obstacle_detection/lib/obstacle_detection/obstacle_detection.py
[0.232s] -- Up-to-date: /home/samirnoori/ros2_ws/install/obstacle_detection/lib/obstacle_detection/lidar_visualizer.py
[0.232s] -- Up-to-date: /home/samirnoori/ros2_ws/install/obstacle_detection/share/obstacle_detection/launch
[0.232s] -- Up-to-date: /home/samirnoori/ros2_ws/install/obstacle_detection/share/obstacle_detection/launch/obstacle_detection.launch.py
[0.232s] -- Up-to-date: /home/samirnoori/ros2_ws/install/obstacle_detection/share/ament_index/resource_index/package_run_dependencies/obstacle_detection
[0.232s] -- Up-to-date: /home/samirnoori/ros2_ws/install/obstacle_detection/share/ament_index/resource_index/parent_prefix_path/obstacle_detection
[0.233s] -- Up-to-date: /home/samirnoori/ros2_ws/install/obstacle_detection/share/obstacle_detection/environment/ament_prefix_path.sh
[0.233s] -- Up-to-date: /home/samirnoori/ros2_ws/install/obstacle_detection/share/obstacle_detection/environment/ament_prefix_path.dsv
[0.233s] -- Up-to-date: /home/samirnoori/ros2_ws/install/obstacle_detection/share/obstacle_detection/environment/path.sh
[0.233s] -- Up-to-date: /home/samirnoori/ros2_ws/install/obstacle_detection/share/obstacle_detection/environment/path.dsv
[0.233s] -- Up-to-date: /home/samirnoori/ros2_ws/install/obstacle_detection/share/obstacle_detection/local_setup.bash
[0.233s] -- Up-to-date: /home/samirnoori/ros2_ws/install/obstacle_detection/share/obstacle_detection/local_setup.sh
[0.233s] -- Up-to-date: /home/samirnoori/ros2_ws/install/obstacle_detection/share/obstacle_detection/local_setup.zsh
[0.233s] -- Up-to-date: /home/samirnoori/ros2_ws/install/obstacle_detection/share/obstacle_detection/local_setup.dsv
[0.233s] -- Installing: /home/samirnoori/ros2_ws/install/obstacle_detection/share/obstacle_detection/package.dsv
[0.233s] -- Up-to-date: /home/samirnoori/ros2_ws/install/obstacle_detection/share/ament_index/resource_index/packages/obstacle_detection
[0.233s] -- Up-to-date: /home/samirnoori/ros2_ws/install/obstacle_detection/share/obstacle_detection/cmake/obstacle_detectionConfig.cmake
[0.233s] -- Up-to-date: /home/samirnoori/ros2_ws/install/obstacle_detection/share/obstacle_detection/cmake/obstacle_detectionConfig-version.cmake
[0.233s] -- Up-to-date: /home/samirnoori/ros2_ws/install/obstacle_detection/share/obstacle_detection/package.xml
[0.245s] Invoked command in '/home/samirnoori/ros2_ws/build/obstacle_detection' returned '0': CMAKE_PREFIX_PATH=${CMAKE_PREFIX_PATH}:/opt/ros/jazzy DEBUGINFOD_URLS=https://debuginfod.ubuntu.com /usr/bin/cmake --install /home/samirnoori/ros2_ws/build/obstacle_detection
