-- The C compiler identification is GNU 13.3.0
-- The CXX compiler identification is GNU 13.3.0
-- Detecting C compiler ABI info
-- Detecting C compiler ABI info - done
-- Check for working C compiler: /usr/bin/cc - skipped
-- Detecting C compile features
-- Detecting C compile features - done
-- Detecting CXX compiler ABI info
-- Detecting CXX compiler ABI info - done
-- Check for working CXX compiler: /usr/bin/c++ - skipped
-- Detecting CXX compile features
-- Detecting CXX compile features - done
-- Found ament_cmake: 2.5.6 (/opt/ros/jazzy/share/ament_cmake/cmake)
-- Found Python3: /usr/bin/python3 (found version "3.12.3") found components: Interpreter 
-- Found rclcpp: 28.1.18 (/opt/ros/jazzy/share/rclcpp/cmake)
-- Found rosidl_generator_c: 4.6.7 (/opt/ros/jazzy/share/rosidl_generator_c/cmake)
-- Found rosidl_generator_cpp: 4.6.7 (/opt/ros/jazzy/share/rosidl_generator_cpp/cmake)
-- Using all available rosidl_typesupport_c: rosidl_typesupport_fastrtps_c;rosidl_typesupport_introspection_c
-- Using all available rosidl_typesupport_cpp: rosidl_typesupport_fastrtps_cpp;rosidl_typesupport_introspection_cpp
-- Found rmw_implementation_cmake: 7.3.3 (/opt/ros/jazzy/share/rmw_implementation_cmake/cmake)
-- Found rmw_fastrtps_cpp: 8.4.3 (/opt/ros/jazzy/share/rmw_fastrtps_cpp/cmake)
-- Found OpenSSL: /usr/lib/x86_64-linux-gnu/libcrypto.so (found version "3.0.13")  
-- Found FastRTPS: /opt/ros/jazzy/include (Required is at least version "2.13") 
-- Using RMW implementation 'rmw_fastrtps_cpp' as default
-- Found rclpy: 7.1.11 (/opt/ros/jazzy/share/rclpy/cmake)
-- Found geometry_msgs: 5.3.7 (/opt/ros/jazzy/share/geometry_msgs/cmake)
-- Found turtlesim: 1.8.3 (/opt/ros/jazzy/share/turtlesim/cmake)
-- Configuring done (0.7s)
-- Generating done (0.0s)
-- Build files have been written to: /home/samirnoori/ros2_ws/build/turtlesim_goal
Built target ament_cmake_python_copy_turtlesim_goal
running egg_info
creating turtlesim_goal.egg-info
writing turtlesim_goal.egg-info/PKG-INFO
writing dependency_links to turtlesim_goal.egg-info/dependency_links.txt
writing top-level names to turtlesim_goal.egg-info/top_level.txt
writing manifest file 'turtlesim_goal.egg-info/SOURCES.txt'
reading manifest file 'turtlesim_goal.egg-info/SOURCES.txt'
writing manifest file 'turtlesim_goal.egg-info/SOURCES.txt'
Built target ament_cmake_python_build_turtlesim_goal_egg
-- Install configuration: ""
-- Installing: /home/samirnoori/ros2_ws/install/turtlesim_goal/share/turtlesim_goal/environment/pythonpath.sh
-- Installing: /home/samirnoori/ros2_ws/install/turtlesim_goal/share/turtlesim_goal/environment/pythonpath.dsv
-- Installing: /home/samirnoori/ros2_ws/install/turtlesim_goal/lib/python3.12/site-packages/turtlesim_goal-0.0.1-py3.12.egg-info
-- Installing: /home/samirnoori/ros2_ws/install/turtlesim_goal/lib/python3.12/site-packages/turtlesim_goal-0.0.1-py3.12.egg-info/top_level.txt
-- Installing: /home/samirnoori/ros2_ws/install/turtlesim_goal/lib/python3.12/site-packages/turtlesim_goal-0.0.1-py3.12.egg-info/dependency_links.txt
-- Installing: /home/samirnoori/ros2_ws/install/turtlesim_goal/lib/python3.12/site-packages/turtlesim_goal-0.0.1-py3.12.egg-info/PKG-INFO
-- Installing: /home/samirnoori/ros2_ws/install/turtlesim_goal/lib/python3.12/site-packages/turtlesim_goal-0.0.1-py3.12.egg-info/SOURCES.txt
-- Installing: /home/samirnoori/ros2_ws/install/turtlesim_goal/lib/python3.12/site-packages/turtlesim_goal
-- Installing: /home/samirnoori/ros2_ws/install/turtlesim_goal/lib/python3.12/site-packages/turtlesim_goal/waypoint_goal.py
-- Installing: /home/samirnoori/ros2_ws/install/turtlesim_goal/lib/python3.12/site-packages/turtlesim_goal/gotogoal.py
-- Installing: /home/samirnoori/ros2_ws/install/turtlesim_goal/lib/python3.12/site-packages/turtlesim_goal/__init__.py
Listing '/home/samirnoori/ros2_ws/install/turtlesim_goal/lib/python3.12/site-packages/turtlesim_goal'...
Compiling '/home/samirnoori/ros2_ws/install/turtlesim_goal/lib/python3.12/site-packages/turtlesim_goal/__init__.py'...
Compiling '/home/samirnoori/ros2_ws/install/turtlesim_goal/lib/python3.12/site-packages/turtlesim_goal/gotogoal.py'...
Compiling '/home/samirnoori/ros2_ws/install/turtlesim_goal/lib/python3.12/site-packages/turtlesim_goal/waypoint_goal.py'...
-- Installing: /home/samirnoori/ros2_ws/install/turtlesim_goal/lib/turtlesim_goal/gotogoal.py
-- Installing: /home/samirnoori/ros2_ws/install/turtlesim_goal/lib/turtlesim_goal/waypoint_goal.py
-- Installing: /home/samirnoori/ros2_ws/install/turtlesim_goal/share/ament_index/resource_index/package_run_dependencies/turtlesim_goal
-- Installing: /home/samirnoori/ros2_ws/install/turtlesim_goal/share/ament_index/resource_index/parent_prefix_path/turtlesim_goal
-- Installing: /home/samirnoori/ros2_ws/install/turtlesim_goal/share/turtlesim_goal/environment/ament_prefix_path.sh
-- Installing: /home/samirnoori/ros2_ws/install/turtlesim_goal/share/turtlesim_goal/environment/ament_prefix_path.dsv
-- Installing: /home/samirnoori/ros2_ws/install/turtlesim_goal/share/turtlesim_goal/environment/path.sh
-- Installing: /home/samirnoori/ros2_ws/install/turtlesim_goal/share/turtlesim_goal/environment/path.dsv
-- Installing: /home/samirnoori/ros2_ws/install/turtlesim_goal/share/turtlesim_goal/local_setup.bash
-- Installing: /home/samirnoori/ros2_ws/install/turtlesim_goal/share/turtlesim_goal/local_setup.sh
-- Installing: /home/samirnoori/ros2_ws/install/turtlesim_goal/share/turtlesim_goal/local_setup.zsh
-- Installing: /home/samirnoori/ros2_ws/install/turtlesim_goal/share/turtlesim_goal/local_setup.dsv
-- Installing: /home/samirnoori/ros2_ws/install/turtlesim_goal/share/turtlesim_goal/package.dsv
-- Installing: /home/samirnoori/ros2_ws/install/turtlesim_goal/share/ament_index/resource_index/packages/turtlesim_goal
-- Installing: /home/samirnoori/ros2_ws/install/turtlesim_goal/share/turtlesim_goal/cmake/turtlesim_goalConfig.cmake
-- Installing: /home/samirnoori/ros2_ws/install/turtlesim_goal/share/turtlesim_goal/cmake/turtlesim_goalConfig-version.cmake
-- Installing: /home/samirnoori/ros2_ws/install/turtlesim_goal/share/turtlesim_goal/package.xml
