[0.010s] Invoking command in '/home/samirnoori/ros2_ws/build/bringup': CMAKE_PREFIX_PATH=${CMAKE_PREFIX_PATH}:/opt/ros/jazzy DEBUGINFOD_URLS=https://debuginfod.ubuntu.com /usr/bin/cmake --build /home/samirnoori/ros2_ws/build/bringup -- -j24 -l24
[0.031s] Invoked command in '/home/samirnoori/ros2_ws/build/bringup' returned '0': CMAKE_PREFIX_PATH=${CMAKE_PREFIX_PATH}:/opt/ros/jazzy DEBUGINFOD_URLS=https://debuginfod.ubuntu.com /usr/bin/cmake --build /home/samirnoori/ros2_ws/build/bringup -- -j24 -l24
[0.038s] Invoking command in '/home/samirnoori/ros2_ws/build/bringup': CMAKE_PREFIX_PATH=${CMAKE_PREFIX_PATH}:/opt/ros/jazzy DEBUGINFOD_URLS=https://debuginfod.ubuntu.com /usr/bin/cmake --install /home/samirnoori/ros2_ws/build/bringup
[0.044s] -- Install configuration: ""
[0.044s] -- Up-to-date: /home/samirnoori/ros2_ws/install/bringup/share/bringup//launch
[0.044s] -- Up-to-date: /home/samirnoori/ros2_ws/install/bringup/share/bringup//launch/slam_launch.py
[0.044s] -- Up-to-date: /home/samirnoori/ros2_ws/install/bringup/share/bringup//launch/rviz_launch.py
[0.044s] -- Up-to-date: /home/samirnoori/ros2_ws/install/bringup/share/bringup//launch/main.launch.py
[0.044s] -- Up-to-date: /home/samirnoori/ros2_ws/install/bringup/share/bringup//launch/bringup_launch.py
[0.044s] -- Up-to-date: /home/samirnoori/ros2_ws/install/bringup/share/bringup//launch/navigation_launch.py
[0.044s] -- Up-to-date: /home/samirnoori/ros2_ws/install/bringup/share/bringup//launch/localization_launch.py
[0.044s] -- Up-to-date: /home/samirnoori/ros2_ws/install/bringup/share/bringup//models
[0.044s] -- Up-to-date: /home/samirnoori/ros2_ws/install/bringup/share/bringup//models/turtlebot3_burger_cam
[0.044s] -- Up-to-date: /home/samirnoori/ros2_ws/install/bringup/share/bringup//models/turtlebot3_burger_cam/model.config
[0.044s] -- Up-to-date: /home/samirnoori/ros2_ws/install/bringup/share/bringup//models/turtlebot3_burger_cam/model.sdf
[0.044s] -- Up-to-date: /home/samirnoori/ros2_ws/install/bringup/share/bringup//models/turtlebot3_burger_cam/model-1_4.sdf
[0.044s] -- Up-to-date: /home/samirnoori/ros2_ws/install/bringup/share/bringup//models/turtlebot3_world
[0.045s] -- Up-to-date: /home/samirnoori/ros2_ws/install/bringup/share/bringup//models/turtlebot3_world/meshes
[0.045s] -- Up-to-date: /home/samirnoori/ros2_ws/install/bringup/share/bringup//models/turtlebot3_world/meshes/wall.dae
[0.045s] -- Up-to-date: /home/samirnoori/ros2_ws/install/bringup/share/bringup//models/turtlebot3_world/meshes/hexagon.dae
[0.045s] -- Up-to-date: /home/samirnoori/ros2_ws/install/bringup/share/bringup//models/turtlebot3_world/model.config
[0.045s] -- Up-to-date: /home/samirnoori/ros2_ws/install/bringup/share/bringup//models/turtlebot3_world/model.sdf
[0.045s] -- Up-to-date: /home/samirnoori/ros2_ws/install/bringup/share/bringup//models/turtlebot3_world/model-1_4.sdf
[0.045s] -- Up-to-date: /home/samirnoori/ros2_ws/install/bringup/share/bringup//models/turtlebot3_waffle_pi
[0.045s] -- Up-to-date: /home/samirnoori/ros2_ws/install/bringup/share/bringup//models/turtlebot3_waffle_pi/model.config
[0.045s] -- Up-to-date: /home/samirnoori/ros2_ws/install/bringup/share/bringup//models/turtlebot3_waffle_pi/model.sdf
[0.045s] -- Up-to-date: /home/samirnoori/ros2_ws/install/bringup/share/bringup//models/turtlebot3_waffle_pi/model-1_4_.sdf
[0.045s] -- Up-to-date: /home/samirnoori/ros2_ws/install/bringup/share/bringup//models/turtlebot3_common
[0.045s] -- Up-to-date: /home/samirnoori/ros2_ws/install/bringup/share/bringup//models/turtlebot3_common/meshes
[0.045s] -- Up-to-date: /home/samirnoori/ros2_ws/install/bringup/share/bringup//models/turtlebot3_common/meshes/wheels
[0.045s] -- Up-to-date: /home/samirnoori/ros2_ws/install/bringup/share/bringup//models/turtlebot3_common/meshes/wheels/right_tire.stl
[0.045s] -- Up-to-date: /home/samirnoori/ros2_ws/install/bringup/share/bringup//models/turtlebot3_common/meshes/wheels/left_tire.stl
[0.045s] -- Up-to-date: /home/samirnoori/ros2_ws/install/bringup/share/bringup//models/turtlebot3_common/meshes/burger_base.dae
[0.045s] -- Up-to-date: /home/samirnoori/ros2_ws/install/bringup/share/bringup//models/turtlebot3_common/meshes/lds.dae
[0.045s] -- Up-to-date: /home/samirnoori/ros2_ws/install/bringup/share/bringup//models/turtlebot3_common/meshes/waffle_pi_base.dae
[0.045s] -- Up-to-date: /home/samirnoori/ros2_ws/install/bringup/share/bringup//models/turtlebot3_common/meshes/sensors
[0.045s] -- Up-to-date: /home/samirnoori/ros2_ws/install/bringup/share/bringup//models/turtlebot3_common/meshes/sensors/astra.dae
[0.045s] -- Up-to-date: /home/samirnoori/ros2_ws/install/bringup/share/bringup//models/turtlebot3_common/meshes/sensors/r200.jpg
[0.045s] -- Up-to-date: /home/samirnoori/ros2_ws/install/bringup/share/bringup//models/turtlebot3_common/meshes/sensors/lds.stl
[0.045s] -- Up-to-date: /home/samirnoori/ros2_ws/install/bringup/share/bringup//models/turtlebot3_common/meshes/sensors/astra.jpg
[0.045s] -- Up-to-date: /home/samirnoori/ros2_ws/install/bringup/share/bringup//models/turtlebot3_common/meshes/sensors/r200.dae
[0.045s] -- Up-to-date: /home/samirnoori/ros2_ws/install/bringup/share/bringup//models/turtlebot3_common/meshes/r200.dae
[0.046s] -- Up-to-date: /home/samirnoori/ros2_ws/install/bringup/share/bringup//models/turtlebot3_common/meshes/bases
[0.046s] -- Up-to-date: /home/samirnoori/ros2_ws/install/bringup/share/bringup//models/turtlebot3_common/meshes/bases/waffle_base.stl
[0.046s] -- Up-to-date: /home/samirnoori/ros2_ws/install/bringup/share/bringup//models/turtlebot3_common/meshes/bases/waffle_pi_base.stl
[0.046s] -- Up-to-date: /home/samirnoori/ros2_ws/install/bringup/share/bringup//models/turtlebot3_common/meshes/bases/burger_base.stl
[0.046s] -- Up-to-date: /home/samirnoori/ros2_ws/install/bringup/share/bringup//models/turtlebot3_common/meshes/waffle_base.dae
[0.046s] -- Up-to-date: /home/samirnoori/ros2_ws/install/bringup/share/bringup//models/turtlebot3_common/meshes/tire.dae
[0.046s] -- Up-to-date: /home/samirnoori/ros2_ws/install/bringup/share/bringup//models/turtlebot3_common/model.config
[0.046s] -- Up-to-date: /home/samirnoori/ros2_ws/install/bringup/share/bringup//models/turtlebot3_waffle
[0.046s] -- Up-to-date: /home/samirnoori/ros2_ws/install/bringup/share/bringup//models/turtlebot3_waffle/meshes
[0.046s] -- Up-to-date: /home/samirnoori/ros2_ws/install/bringup/share/bringup//models/turtlebot3_waffle/meshes/lds.dae
[0.046s] -- Up-to-date: /home/samirnoori/ros2_ws/install/bringup/share/bringup//models/turtlebot3_waffle/meshes/r200.dae
[0.046s] -- Up-to-date: /home/samirnoori/ros2_ws/install/bringup/share/bringup//models/turtlebot3_waffle/meshes/waffle_base.dae
[0.046s] -- Up-to-date: /home/samirnoori/ros2_ws/install/bringup/share/bringup//models/turtlebot3_waffle/meshes/tire.dae
[0.046s] -- Up-to-date: /home/samirnoori/ros2_ws/install/bringup/share/bringup//models/turtlebot3_waffle/model_nocamera.sdf
[0.046s] -- Up-to-date: /home/samirnoori/ros2_ws/install/bringup/share/bringup//models/turtlebot3_waffle/model.config
[0.046s] -- Up-to-date: /home/samirnoori/ros2_ws/install/bringup/share/bringup//models/turtlebot3_waffle/model.sdf
[0.046s] -- Up-to-date: /home/samirnoori/ros2_ws/install/bringup/share/bringup//models/turtlebot3_waffle/model-1_4.sdf
[0.046s] -- Up-to-date: /home/samirnoori/ros2_ws/install/bringup/share/bringup//models/turtlebot3_house
[0.046s] -- Up-to-date: /home/samirnoori/ros2_ws/install/bringup/share/bringup//models/turtlebot3_house/model.config
[0.046s] -- Up-to-date: /home/samirnoori/ros2_ws/install/bringup/share/bringup//models/turtlebot3_house/model.sdf
[0.046s] -- Up-to-date: /home/samirnoori/ros2_ws/install/bringup/share/bringup//models/turtlebot3_burger
[0.046s] -- Up-to-date: /home/samirnoori/ros2_ws/install/bringup/share/bringup//models/turtlebot3_burger/meshes
[0.046s] -- Up-to-date: /home/samirnoori/ros2_ws/install/bringup/share/bringup//models/turtlebot3_burger/meshes/burger_base.dae
[0.046s] -- Up-to-date: /home/samirnoori/ros2_ws/install/bringup/share/bringup//models/turtlebot3_burger/meshes/lds.dae
[0.046s] -- Up-to-date: /home/samirnoori/ros2_ws/install/bringup/share/bringup//models/turtlebot3_burger/meshes/tire.dae
[0.046s] -- Up-to-date: /home/samirnoori/ros2_ws/install/bringup/share/bringup//models/turtlebot3_burger/model.config
[0.046s] -- Up-to-date: /home/samirnoori/ros2_ws/install/bringup/share/bringup//models/turtlebot3_burger/model.sdf
[0.046s] -- Up-to-date: /home/samirnoori/ros2_ws/install/bringup/share/bringup//models/turtlebot3_burger/model-1_4.sdf
[0.046s] -- Up-to-date: /home/samirnoori/ros2_ws/install/bringup/share/bringup//rviz
[0.047s] -- Up-to-date: /home/samirnoori/ros2_ws/install/bringup/share/bringup//rviz/nav2_default_view.rviz
[0.047s] -- Up-to-date: /home/samirnoori/ros2_ws/install/bringup/share/bringup//urdf
[0.047s] -- Up-to-date: /home/samirnoori/ros2_ws/install/bringup/share/bringup//urdf/turtlebot3_burger.urdf
[0.047s] -- Up-to-date: /home/samirnoori/ros2_ws/install/bringup/share/bringup//urdf/turtlebot3_waffle.urdf
[0.047s] -- Up-to-date: /home/samirnoori/ros2_ws/install/bringup/share/bringup//urdf/common_properties.urdf
[0.047s] -- Up-to-date: /home/samirnoori/ros2_ws/install/bringup/share/bringup//worlds
[0.047s] -- Up-to-date: /home/samirnoori/ros2_ws/install/bringup/share/bringup//worlds/turtlebot3_world.world
[0.047s] -- Up-to-date: /home/samirnoori/ros2_ws/install/bringup/share/bringup//params
[0.047s] -- Up-to-date: /home/samirnoori/ros2_ws/install/bringup/share/bringup//params/turtlebot3_burger_bridge.yaml
[0.047s] -- Up-to-date: /home/samirnoori/ros2_ws/install/bringup/share/bringup//params/nav2_params.yaml
[0.047s] -- Up-to-date: /home/samirnoori/ros2_ws/install/bringup/share/bringup//maps
[0.047s] -- Up-to-date: /home/samirnoori/ros2_ws/install/bringup/share/bringup//maps/map.pgm
[0.047s] -- Up-to-date: /home/samirnoori/ros2_ws/install/bringup/share/bringup//maps/map.yaml
[0.047s] -- Up-to-date: /home/samirnoori/ros2_ws/install/bringup/share/bringup/environment/.gazebo.dsv
[0.047s] -- Up-to-date: /home/samirnoori/ros2_ws/install/bringup/share/ament_index/resource_index/package_run_dependencies/bringup
[0.047s] -- Up-to-date: /home/samirnoori/ros2_ws/install/bringup/share/ament_index/resource_index/parent_prefix_path/bringup
[0.047s] -- Up-to-date: /home/samirnoori/ros2_ws/install/bringup/share/bringup/environment/ament_prefix_path.sh
[0.047s] -- Up-to-date: /home/samirnoori/ros2_ws/install/bringup/share/bringup/environment/ament_prefix_path.dsv
[0.047s] -- Up-to-date: /home/samirnoori/ros2_ws/install/bringup/share/bringup/environment/path.sh
[0.047s] -- Up-to-date: /home/samirnoori/ros2_ws/install/bringup/share/bringup/environment/path.dsv
[0.047s] -- Up-to-date: /home/samirnoori/ros2_ws/install/bringup/share/bringup/local_setup.bash
[0.047s] -- Up-to-date: /home/samirnoori/ros2_ws/install/bringup/share/bringup/local_setup.sh
[0.047s] -- Up-to-date: /home/samirnoori/ros2_ws/install/bringup/share/bringup/local_setup.zsh
[0.047s] -- Up-to-date: /home/samirnoori/ros2_ws/install/bringup/share/bringup/local_setup.dsv
[0.047s] -- Installing: /home/samirnoori/ros2_ws/install/bringup/share/bringup/package.dsv
[0.047s] -- Up-to-date: /home/samirnoori/ros2_ws/install/bringup/share/ament_index/resource_index/packages/bringup
[0.048s] -- Up-to-date: /home/samirnoori/ros2_ws/install/bringup/share/bringup/cmake/bringupConfig.cmake
[0.048s] -- Up-to-date: /home/samirnoori/ros2_ws/install/bringup/share/bringup/cmake/bringupConfig-version.cmake
[0.048s] -- Up-to-date: /home/samirnoori/ros2_ws/install/bringup/share/bringup/package.xml
[0.048s] Invoked command in '/home/samirnoori/ros2_ws/build/bringup' returned '0': CMAKE_PREFIX_PATH=${CMAKE_PREFIX_PATH}:/opt/ros/jazzy DEBUGINFOD_URLS=https://debuginfod.ubuntu.com /usr/bin/cmake --install /home/samirnoori/ros2_ws/build/bringup
